<?xml version="1.0" encoding="UTF-8"?>
<!-- Generated by org.testng.reporters.JUnitXMLReporter -->
<testsuite ignored="16" hostname="MSI" failures="1" tests="1" name="Infographics Test" time="34.915" errors="0" timestamp="2023-11-14T19:03:57 IST">
  <testcase classname="org.testpackage.TC410_InfographicsTest" name="testBannerTextOfInfographicsPage" time="29.185">
    <failure type="org.openqa.selenium.TimeoutException" message="Expected condition failed: waiting for element to be clickable: Proxy element for: DefaultElementLocator &amp;apos;By.xpath: //label[text()=&amp;apos;Infographics&amp;apos;]&amp;apos; (tried for 20 second(s) with 500 milliseconds interval)">
      <![CDATA[org.openqa.selenium.TimeoutException: Expected condition failed: waiting for element to be clickable: Proxy element for: DefaultElementLocator 'By.xpath: //label[text()='Infographics']' (tried for 20 second(s) with 500 milliseconds interval)
at org.openqa.selenium.support.ui.WebDriverWait.timeoutException(WebDriverWait.java:95)
at org.openqa.selenium.support.ui.FluentWait.until(FluentWait.java:272)
at org.pageclasspackage.InfographicsPage.clickInfographicsPage(InfographicsPage.java:137)
at org.testpackage.TC410_InfographicsTest.testBannerTextOfInfographicsPage(TC410_InfographicsTest.java:25)
at java.base/java.util.concurrent.ThreadPoolExecutor.runWorker(ThreadPoolExecutor.java:1136)
at java.base/java.util.concurrent.ThreadPoolExecutor$Worker.run(ThreadPoolExecutor.java:635)
at java.base/java.lang.Thread.run(Thread.java:833)
Caused by: org.openqa.selenium.NoSuchElementException: no such element: Unable to locate element: {"method":"xpath","selector":"//label[text()='Infographics']"}
  (Session info: MicrosoftEdge=119.0.2151.58)
For documentation on this error, please visit: https://www.seleniumhq.org/exceptions/no_such_element.html
Build info: version: '3.141.59', revision: 'e82be7d358', time: '2018-11-14T08:17:03'
System info: host: 'MSI', ip: '10.8.0.18', os.name: 'Windows 11', os.arch: 'amd64', os.version: '10.0', java.version: '17.0.7'
Driver info: org.openqa.selenium.edge.EdgeDriver
Capabilities {acceptInsecureCerts: false, browserName: msedge, browserVersion: 119.0.2151.58, fedcm:accounts: true, javascriptEnabled: true, ms:edgeOptions: {debuggerAddress: localhost:57801}, msedge: {msedgedriverVersion: 119.0.2151.58 (33e26e7eb4fb..., userDataDir: C:\Users\JEYASA~1\AppData\L...}, networkConnectionEnabled: false, pageLoadStrategy: normal, platform: WINDOWS, platformName: WINDOWS, proxy: Proxy(), setWindowRect: true, strictFileInteractability: false, timeouts: {implicit: 0, pageLoad: 300000, script: 30000}, unhandledPromptBehavior: dismiss and notify, webauthn:extension:credBlob: true, webauthn:extension:largeBlob: true, webauthn:extension:minPinLength: true, webauthn:extension:prf: true, webauthn:virtualAuthenticators: true}
Session ID: af893878f6abcc9a81b3f63bf7a600f9
*** Element info: {Using=xpath, value=//label[text()='Infographics']}
at org.openqa.selenium.remote.http.W3CHttpResponseCodec.createException(W3CHttpResponseCodec.java:187)
at org.openqa.selenium.remote.http.W3CHttpResponseCodec.decode(W3CHttpResponseCodec.java:122)
at org.openqa.selenium.remote.http.W3CHttpResponseCodec.decode(W3CHttpResponseCodec.java:49)
at org.openqa.selenium.remote.HttpCommandExecutor.execute(HttpCommandExecutor.java:158)
at org.openqa.selenium.remote.service.DriverCommandExecutor.execute(DriverCommandExecutor.java:83)
at org.openqa.selenium.remote.RemoteWebDriver.execute(RemoteWebDriver.java:552)
at org.openqa.selenium.remote.RemoteWebDriver.findElement(RemoteWebDriver.java:323)
at org.openqa.selenium.remote.RemoteWebDriver.findElementByXPath(RemoteWebDriver.java:428)
at org.openqa.selenium.By$ByXPath.findElement(By.java:353)
at org.openqa.selenium.remote.RemoteWebDriver.findElement(RemoteWebDriver.java:315)
at org.openqa.selenium.support.pagefactory.DefaultElementLocator.findElement(DefaultElementLocator.java:69)
at org.openqa.selenium.support.pagefactory.internal.LocatingElementHandler.invoke(LocatingElementHandler.java:38)
at jdk.proxy2/jdk.proxy2.$Proxy19.isDisplayed(Unknown Source)
at org.openqa.selenium.support.ui.ExpectedConditions.elementIfVisible(ExpectedConditions.java:314)
at org.openqa.selenium.support.ui.ExpectedConditions.access$000(ExpectedConditions.java:43)
at org.openqa.selenium.support.ui.ExpectedConditions$10.apply(ExpectedConditions.java:300)
at org.openqa.selenium.support.ui.ExpectedConditions$10.apply(ExpectedConditions.java:297)
at org.openqa.selenium.support.ui.ExpectedConditions$23.apply(ExpectedConditions.java:670)
at org.openqa.selenium.support.ui.ExpectedConditions$23.apply(ExpectedConditions.java:666)
at org.openqa.selenium.support.ui.FluentWait.until(FluentWait.java:249)
... 17 more
... Removed 16 stack frames]]>
    </failure>
  </testcase> <!-- testBannerTextOfInfographicsPage -->
  <testcase classname="org.testpackage.TC410_InfographicsTest" name="testPresenceOfDocumentInInfographicsPage" time="0.0">
    <ignored/>
  </testcase> <!-- testPresenceOfDocumentInInfographicsPage -->
  <testcase classname="org.testpackage.TC410_InfographicsTest" name="testLikeCountInInfographicsPageDocument" time="0.0">
    <ignored/>
  </testcase> <!-- testLikeCountInInfographicsPageDocument -->
  <testcase classname="org.testpackage.TC410_InfographicsTest" name="testDownloadCountOfDocumentBeforeUserLoginInInfographicsPage" time="0.0">
    <ignored/>
  </testcase> <!-- testDownloadCountOfDocumentBeforeUserLoginInInfographicsPage -->
  <testcase classname="org.testpackage.TC410_InfographicsTest" name="testUserCanShareThePageLinkViaTelegramOfInfographicsPage" time="0.0">
    <ignored/>
  </testcase> <!-- testUserCanShareThePageLinkViaTelegramOfInfographicsPage -->
  <testcase classname="org.testpackage.TC410_InfographicsTest" name="testUserCanShareThePageLinkViaFacebookOfInfographicsPage" time="0.0">
    <ignored/>
  </testcase> <!-- testUserCanShareThePageLinkViaFacebookOfInfographicsPage -->
  <testcase classname="org.testpackage.TC410_InfographicsTest" name="testLikeCountBeforeUserLoginInInfographicsPage" time="0.0">
    <ignored/>
  </testcase> <!-- testLikeCountBeforeUserLoginInInfographicsPage -->
  <testcase classname="org.testpackage.TC410_InfographicsTest" name="testTitleOfDocumentInInfographicsPage" time="0.0">
    <ignored/>
  </testcase> <!-- testTitleOfDocumentInInfographicsPage -->
  <testcase classname="org.testpackage.TC410_InfographicsTest" name="testPaginationInInfographicsPage" time="0.0">
    <ignored/>
  </testcase> <!-- testPaginationInInfographicsPage -->
  <testcase classname="org.testpackage.TC410_InfographicsTest" name="testFilterFunctionalityOfInfographicsPage" time="0.0">
    <ignored/>
  </testcase> <!-- testFilterFunctionalityOfInfographicsPage -->
  <testcase classname="org.testpackage.TC410_InfographicsTest" name="testClearFilterOptionInfographicsPage" time="0.0">
    <ignored/>
  </testcase> <!-- testClearFilterOptionInfographicsPage -->
  <testcase classname="org.testpackage.TC410_InfographicsTest" name="testUserCanShareThePageLinkViaWhatsappOfInfographicsPage" time="0.0">
    <ignored/>
  </testcase> <!-- testUserCanShareThePageLinkViaWhatsappOfInfographicsPage -->
  <testcase classname="org.testpackage.TC410_InfographicsTest" name="testLikeCountOfDocumentAtBeforeUserLoginInInfographicsPage" time="0.0">
    <ignored/>
  </testcase> <!-- testLikeCountOfDocumentAtBeforeUserLoginInInfographicsPage -->
  <testcase classname="org.testpackage.TC410_InfographicsTest" name="testPresenceOfYearAndMediumInInfographicsPageDocument" time="0.0">
    <ignored/>
  </testcase> <!-- testPresenceOfYearAndMediumInInfographicsPageDocument -->
  <testcase classname="org.testpackage.TC410_InfographicsTest" name="testUserCanShareThePageLinkViaGmailOfInfographicsPage" time="0.0">
    <ignored/>
  </testcase> <!-- testUserCanShareThePageLinkViaGmailOfInfographicsPage -->
  <testcase classname="org.testpackage.TC410_InfographicsTest" name="testDownloadCountOfDocumentAfterUserLoginInInfographicsPage" time="0.0">
    <ignored/>
  </testcase> <!-- testDownloadCountOfDocumentAfterUserLoginInInfographicsPage -->
  <testcase classname="org.testpackage.TC410_InfographicsTest" name="testLikeCountAfterUserLoginInInfographicsPage" time="0.0">
    <ignored/>
  </testcase> <!-- testLikeCountAfterUserLoginInInfographicsPage -->
</testsuite> <!-- Infographics Test -->
