<?xml version="1.0" encoding="UTF-8"?>
<!-- Generated by org.testng.reporters.JUnitXMLReporter -->
<testsuite ignored="16" hostname="MSI" failures="1" tests="1" name=" UPSC Paper Solution Test" time="17.169" errors="0" timestamp="2023-10-17T13:11:57 IST">
  <testcase classname="org.testpackage.TC042_UPSCpaperSolution" name="testPaginationInUPSCPaperSolution" time="15.895">
    <failure type="org.openqa.selenium.NoSuchElementException" message="no such element: Unable to locate element: {&amp;quot;method&amp;quot;:&amp;quot;xpath&amp;quot;,&amp;quot;selector&amp;quot;:&amp;quot;//*[@id=&amp;apos;mobile-menu&amp;apos;]/li[6]/a/label&amp;quot;}
  (Session info: chrome=117.0.5938.152)
For documentation on this error, please visit: https://www.seleniumhq.org/exceptions/no_such_element.html
Build info: version: &amp;apos;3.141.59&amp;apos;, revision: &amp;apos;e82be7d358&amp;apos;, time: &amp;apos;2018-11-14T08:17:03&amp;apos;
System info: host: &amp;apos;MSI&amp;apos;, ip: &amp;apos;10.8.0.34&amp;apos;, os.name: &amp;apos;Windows 11&amp;apos;, os.arch: &amp;apos;amd64&amp;apos;, os.version: &amp;apos;10.0&amp;apos;, java.version: &amp;apos;17.0.7&amp;apos;
Driver info: org.openqa.selenium.chrome.ChromeDriver
Capabilities {acceptInsecureCerts: false, browserName: chrome, browserVersion: 117.0.5938.152, chrome: {chromedriverVersion: 117.0.5938.62 (25a7172909a4..., userDataDir: C:\Users\JEYASA~1\AppData\L...}, fedcm:accounts: true, goog:chromeOptions: {debuggerAddress: localhost:61273}, javascriptEnabled: true, networkConnectionEnabled: false, pageLoadStrategy: normal, platform: WINDOWS, platformName: WINDOWS, proxy: Proxy(), setWindowRect: true, strictFileInteractability: false, timeouts: {implicit: 0, pageLoad: 300000, script: 30000}, unhandledPromptBehavior: dismiss and notify, webauthn:extension:credBlob: true, webauthn:extension:largeBlob: true, webauthn:extension:minPinLength: true, webauthn:extension:prf: true, webauthn:virtualAuthenticators: true}
Session ID: 19331765c55ebe2e825d7ab3cf2a0fa8
*** Element info: {Using=xpath, value=//*[@id=&amp;apos;mobile-menu&amp;apos;]/li[6]/a/label}">
      <![CDATA[org.openqa.selenium.NoSuchElementException: no such element: Unable to locate element: {"method":"xpath","selector":"//*[@id='mobile-menu']/li[6]/a/label"}
  (Session info: chrome=117.0.5938.152)
For documentation on this error, please visit: https://www.seleniumhq.org/exceptions/no_such_element.html
Build info: version: '3.141.59', revision: 'e82be7d358', time: '2018-11-14T08:17:03'
System info: host: 'MSI', ip: '10.8.0.34', os.name: 'Windows 11', os.arch: 'amd64', os.version: '10.0', java.version: '17.0.7'
Driver info: org.openqa.selenium.chrome.ChromeDriver
Capabilities {acceptInsecureCerts: false, browserName: chrome, browserVersion: 117.0.5938.152, chrome: {chromedriverVersion: 117.0.5938.62 (25a7172909a4..., userDataDir: C:\Users\JEYASA~1\AppData\L...}, fedcm:accounts: true, goog:chromeOptions: {debuggerAddress: localhost:61273}, javascriptEnabled: true, networkConnectionEnabled: false, pageLoadStrategy: normal, platform: WINDOWS, platformName: WINDOWS, proxy: Proxy(), setWindowRect: true, strictFileInteractability: false, timeouts: {implicit: 0, pageLoad: 300000, script: 30000}, unhandledPromptBehavior: dismiss and notify, webauthn:extension:credBlob: true, webauthn:extension:largeBlob: true, webauthn:extension:minPinLength: true, webauthn:extension:prf: true, webauthn:virtualAuthenticators: true}
Session ID: 19331765c55ebe2e825d7ab3cf2a0fa8
*** Element info: {Using=xpath, value=//*[@id='mobile-menu']/li[6]/a/label}
at org.openqa.selenium.remote.http.W3CHttpResponseCodec.createException(W3CHttpResponseCodec.java:187)
at org.openqa.selenium.remote.http.W3CHttpResponseCodec.decode(W3CHttpResponseCodec.java:122)
at org.openqa.selenium.remote.http.W3CHttpResponseCodec.decode(W3CHttpResponseCodec.java:49)
at org.openqa.selenium.remote.HttpCommandExecutor.execute(HttpCommandExecutor.java:158)
at org.openqa.selenium.remote.service.DriverCommandExecutor.execute(DriverCommandExecutor.java:83)
at org.openqa.selenium.remote.RemoteWebDriver.execute(RemoteWebDriver.java:552)
at org.openqa.selenium.remote.RemoteWebDriver.findElement(RemoteWebDriver.java:323)
at org.openqa.selenium.remote.RemoteWebDriver.findElementByXPath(RemoteWebDriver.java:428)
at org.openqa.selenium.By$ByXPath.findElement(By.java:353)
at org.openqa.selenium.remote.RemoteWebDriver.findElement(RemoteWebDriver.java:315)
at org.openqa.selenium.support.pagefactory.DefaultElementLocator.findElement(DefaultElementLocator.java:69)
at org.openqa.selenium.support.pagefactory.internal.LocatingElementHandler.invoke(LocatingElementHandler.java:38)
at jdk.proxy2/jdk.proxy2.$Proxy19.click(Unknown Source)
at org.pageclasspackage.UPSCPaperSolution.clickUPSCPaperSolution(UPSCPaperSolution.java:118)
at org.testpackage.TC042_UPSCpaperSolution.testPaginationInUPSCPaperSolution(TC042_UPSCpaperSolution.java:428)
at java.base/java.util.concurrent.ThreadPoolExecutor.runWorker(ThreadPoolExecutor.java:1136)
at java.base/java.util.concurrent.ThreadPoolExecutor$Worker.run(ThreadPoolExecutor.java:635)
at java.base/java.lang.Thread.run(Thread.java:833)
... Removed 17 stack frames]]>
    </failure>
  </testcase> <!-- testPaginationInUPSCPaperSolution -->
  <testcase classname="org.testpackage.TC042_UPSCpaperSolution" name="testDownloadCountOfDocumentAtBeforeUserLoginInUPSCPaperSolution" time="0.0">
    <ignored/>
  </testcase> <!-- testDownloadCountOfDocumentAtBeforeUserLoginInUPSCPaperSolution -->
  <testcase classname="org.testpackage.TC042_UPSCpaperSolution" name="testPresenceOfDocumentInUPSCPaperSolution" time="0.0">
    <ignored/>
  </testcase> <!-- testPresenceOfDocumentInUPSCPaperSolution -->
  <testcase classname="org.testpackage.TC042_UPSCpaperSolution" name="testDownloadCountOfDocumentAfterUserLoginInUPSCPaperSolution" time="0.0">
    <ignored/>
  </testcase> <!-- testDownloadCountOfDocumentAfterUserLoginInUPSCPaperSolution -->
  <testcase classname="org.testpackage.TC042_UPSCpaperSolution" name="testUserCanShareTheDocumentViaFacebookOfUPSCPaperSolution" time="0.0">
    <ignored/>
  </testcase> <!-- testUserCanShareTheDocumentViaFacebookOfUPSCPaperSolution -->
  <testcase classname="org.testpackage.TC042_UPSCpaperSolution" name="testUserCanShareTheDocumentViaTelegramOfUPSCPaperSolution" time="0.0">
    <ignored/>
  </testcase> <!-- testUserCanShareTheDocumentViaTelegramOfUPSCPaperSolution -->
  <testcase classname="org.testpackage.TC042_UPSCpaperSolution" name="testUserCanShareTheDocumentViaEmailOfUPSCPaperSolution" time="0.0">
    <ignored/>
  </testcase> <!-- testUserCanShareTheDocumentViaEmailOfUPSCPaperSolution -->
  <testcase classname="org.testpackage.TC042_UPSCpaperSolution" name="testLikeCountBeforeUserLoginInUPSCPaperSolution" time="0.0">
    <ignored/>
  </testcase> <!-- testLikeCountBeforeUserLoginInUPSCPaperSolution -->
  <testcase classname="org.testpackage.TC042_UPSCpaperSolution" name="testPresenceOfYearAndMediumInUPSCPaperSolutionDocument" time="0.0">
    <ignored/>
  </testcase> <!-- testPresenceOfYearAndMediumInUPSCPaperSolutionDocument -->
  <testcase classname="org.testpackage.TC042_UPSCpaperSolution" name="testBannerTextOfUPSCPaperSolution" time="0.0">
    <ignored/>
  </testcase> <!-- testBannerTextOfUPSCPaperSolution -->
  <testcase classname="org.testpackage.TC042_UPSCpaperSolution" name="testFilterFunctionalityOfUPSCPaperSolution" time="0.0">
    <ignored/>
  </testcase> <!-- testFilterFunctionalityOfUPSCPaperSolution -->
  <testcase classname="org.testpackage.TC042_UPSCpaperSolution" name="testLikeCountAfterUserLoginInUPSCPaperSolution" time="0.0">
    <ignored/>
  </testcase> <!-- testLikeCountAfterUserLoginInUPSCPaperSolution -->
  <testcase classname="org.testpackage.TC042_UPSCpaperSolution" name="testUserCanShareTheDocumentViaWhatsappOfUPSCPaperSolution" time="0.0">
    <ignored/>
  </testcase> <!-- testUserCanShareTheDocumentViaWhatsappOfUPSCPaperSolution -->
  <testcase classname="org.testpackage.TC042_UPSCpaperSolution" name="testClearFilterOnUPSCPaperSolution" time="0.0">
    <ignored/>
  </testcase> <!-- testClearFilterOnUPSCPaperSolution -->
  <testcase classname="org.testpackage.TC042_UPSCpaperSolution" name="testTitleOfDocumentInUPSCPaperSolution" time="0.0">
    <ignored/>
  </testcase> <!-- testTitleOfDocumentInUPSCPaperSolution -->
  <testcase classname="org.testpackage.TC042_UPSCpaperSolution" name="testLikeCountInUPSCPaperSolutionDocument" time="0.0">
    <ignored/>
  </testcase> <!-- testLikeCountInUPSCPaperSolutionDocument -->
  <testcase classname="org.testpackage.TC042_UPSCpaperSolution" name="testDownloadCountOfDocumentInQuickRevisionMaterial" time="0.0">
    <ignored/>
  </testcase> <!-- testDownloadCountOfDocumentInQuickRevisionMaterial -->
</testsuite> <!--  UPSC Paper Solution Test -->
