<?xml version="1.0" encoding="UTF-8"?>
<!-- Generated by org.testng.reporters.JUnitXMLReporter -->
<testsuite ignored="16" hostname="MSI" failures="1" tests="1" name=" Mains Test" time="67.108" errors="0" timestamp="2023-10-30T21:25:36 IST">
  <testcase classname="org.testpackage.TC330_ValueAddedMaterialTest" name="testClearFilterOptionValueAddedMaterialPage" time="63.008">
    <failure type="org.openqa.selenium.TimeoutException" message="Expected condition failed: waiting for element to be clickable: Proxy element for: DefaultElementLocator &amp;apos;By.xpath: //*[@class=&amp;apos;flex relative mb-[1rem]&amp;apos;]/div[2]/div/div[2]/div[2]&amp;apos; (tried for 10 second(s) with 500 milliseconds interval)">
      <![CDATA[org.openqa.selenium.TimeoutException: Expected condition failed: waiting for element to be clickable: Proxy element for: DefaultElementLocator 'By.xpath: //*[@class='flex relative mb-[1rem]']/div[2]/div/div[2]/div[2]' (tried for 10 second(s) with 500 milliseconds interval)
at org.openqa.selenium.support.ui.WebDriverWait.timeoutException(WebDriverWait.java:95)
at org.openqa.selenium.support.ui.FluentWait.until(FluentWait.java:272)
at org.pageclasspackage.ValueAddedMaterialPage.clickFilter(ValueAddedMaterialPage.java:503)
at org.testpackage.TC330_ValueAddedMaterialTest.testClearFilterOptionValueAddedMaterialPage(TC330_ValueAddedMaterialTest.java:384)
at java.base/java.util.concurrent.ThreadPoolExecutor.runWorker(ThreadPoolExecutor.java:1136)
at java.base/java.util.concurrent.ThreadPoolExecutor$Worker.run(ThreadPoolExecutor.java:635)
at java.base/java.lang.Thread.run(Thread.java:833)
Caused by: org.openqa.selenium.NoSuchElementException: no such element: Unable to locate element: {"method":"xpath","selector":"//*[@class='flex relative mb-[1rem]']/div[2]/div/div[2]/div[2]"}
  (Session info: MicrosoftEdge=118.0.2088.69)
For documentation on this error, please visit: https://www.seleniumhq.org/exceptions/no_such_element.html
Build info: version: '3.141.59', revision: 'e82be7d358', time: '2018-11-14T08:17:03'
System info: host: 'MSI', ip: '192.168.43.142', os.name: 'Windows 11', os.arch: 'amd64', os.version: '10.0', java.version: '17.0.7'
Driver info: org.openqa.selenium.edge.EdgeDriver
Capabilities {acceptInsecureCerts: false, browserName: msedge, browserVersion: 118.0.2088.69, fedcm:accounts: true, javascriptEnabled: true, ms:edgeOptions: {debuggerAddress: localhost:50661}, msedge: {msedgedriverVersion: 118.0.2088.76 (d3ddcf1d51d5..., userDataDir: C:\Users\JEYASA~1\AppData\L...}, networkConnectionEnabled: false, pageLoadStrategy: normal, platform: WINDOWS, platformName: WINDOWS, proxy: Proxy(), setWindowRect: true, strictFileInteractability: false, timeouts: {implicit: 0, pageLoad: 300000, script: 30000}, unhandledPromptBehavior: dismiss and notify, webauthn:extension:credBlob: true, webauthn:extension:largeBlob: true, webauthn:extension:minPinLength: true, webauthn:extension:prf: true, webauthn:virtualAuthenticators: true}
Session ID: fcef843f4401bab4ecb38c486958a566
*** Element info: {Using=xpath, value=//*[@class='flex relative mb-[1rem]']/div[2]/div/div[2]/div[2]}
at org.openqa.selenium.remote.http.W3CHttpResponseCodec.createException(W3CHttpResponseCodec.java:187)
at org.openqa.selenium.remote.http.W3CHttpResponseCodec.decode(W3CHttpResponseCodec.java:122)
at org.openqa.selenium.remote.http.W3CHttpResponseCodec.decode(W3CHttpResponseCodec.java:49)
at org.openqa.selenium.remote.HttpCommandExecutor.execute(HttpCommandExecutor.java:158)
at org.openqa.selenium.remote.service.DriverCommandExecutor.execute(DriverCommandExecutor.java:83)
at org.openqa.selenium.remote.RemoteWebDriver.execute(RemoteWebDriver.java:552)
at org.openqa.selenium.remote.RemoteWebDriver.findElement(RemoteWebDriver.java:323)
at org.openqa.selenium.remote.RemoteWebDriver.findElementByXPath(RemoteWebDriver.java:428)
at org.openqa.selenium.By$ByXPath.findElement(By.java:353)
at org.openqa.selenium.remote.RemoteWebDriver.findElement(RemoteWebDriver.java:315)
at org.openqa.selenium.support.pagefactory.DefaultElementLocator.findElement(DefaultElementLocator.java:69)
at org.openqa.selenium.support.pagefactory.internal.LocatingElementHandler.invoke(LocatingElementHandler.java:38)
at jdk.proxy2/jdk.proxy2.$Proxy19.isDisplayed(Unknown Source)
at org.openqa.selenium.support.ui.ExpectedConditions.elementIfVisible(ExpectedConditions.java:314)
at org.openqa.selenium.support.ui.ExpectedConditions.access$000(ExpectedConditions.java:43)
at org.openqa.selenium.support.ui.ExpectedConditions$10.apply(ExpectedConditions.java:300)
at org.openqa.selenium.support.ui.ExpectedConditions$10.apply(ExpectedConditions.java:297)
at org.openqa.selenium.support.ui.ExpectedConditions$23.apply(ExpectedConditions.java:670)
at org.openqa.selenium.support.ui.ExpectedConditions$23.apply(ExpectedConditions.java:666)
at org.openqa.selenium.support.ui.FluentWait.until(FluentWait.java:249)
... 17 more
... Removed 16 stack frames]]>
    </failure>
  </testcase> <!-- testClearFilterOptionValueAddedMaterialPage -->
  <testcase classname="org.testpackage.TC330_ValueAddedMaterialTest" name="testFilterFunctionalityOfValueAddedMaterialPage" time="0.0">
    <ignored/>
  </testcase> <!-- testFilterFunctionalityOfValueAddedMaterialPage -->
  <testcase classname="org.testpackage.TC330_ValueAddedMaterialTest" name="testLikeCountAfterUserLoginInValueAddedMaterialPage" time="0.0">
    <ignored/>
  </testcase> <!-- testLikeCountAfterUserLoginInValueAddedMaterialPage -->
  <testcase classname="org.testpackage.TC330_ValueAddedMaterialTest" name="testPaginationInValueAddedMaterialPage" time="0.0">
    <ignored/>
  </testcase> <!-- testPaginationInValueAddedMaterialPage -->
  <testcase classname="org.testpackage.TC330_ValueAddedMaterialTest" name="testPresenceOfYearAndMediumInValueAddedMaterialPageDocument" time="0.0">
    <ignored/>
  </testcase> <!-- testPresenceOfYearAndMediumInValueAddedMaterialPageDocument -->
  <testcase classname="org.testpackage.TC330_ValueAddedMaterialTest" name="testUserCanShareThePageLinkViaWhatsappOfValueAddedMaterialPage" time="0.0">
    <ignored/>
  </testcase> <!-- testUserCanShareThePageLinkViaWhatsappOfValueAddedMaterialPage -->
  <testcase classname="org.testpackage.TC330_ValueAddedMaterialTest" name="testDownloadCountOfDocumentBeforeUserLoginInValueAddedMaterialPage" time="0.0">
    <ignored/>
  </testcase> <!-- testDownloadCountOfDocumentBeforeUserLoginInValueAddedMaterialPage -->
  <testcase classname="org.testpackage.TC330_ValueAddedMaterialTest" name="testPresenceOfDocumentInValueAddedMaterialPage" time="0.0">
    <ignored/>
  </testcase> <!-- testPresenceOfDocumentInValueAddedMaterialPage -->
  <testcase classname="org.testpackage.TC330_ValueAddedMaterialTest" name="testLikeCountInValueAddedMaterialPageDocument" time="0.0">
    <ignored/>
  </testcase> <!-- testLikeCountInValueAddedMaterialPageDocument -->
  <testcase classname="org.testpackage.TC330_ValueAddedMaterialTest" name="testBannerTextOfValueAddedMaterialPage" time="0.0">
    <ignored/>
  </testcase> <!-- testBannerTextOfValueAddedMaterialPage -->
  <testcase classname="org.testpackage.TC330_ValueAddedMaterialTest" name="testUserCanShareThePageLinkViaTelegramOfValueAddedMaterialPage" time="0.0">
    <ignored/>
  </testcase> <!-- testUserCanShareThePageLinkViaTelegramOfValueAddedMaterialPage -->
  <testcase classname="org.testpackage.TC330_ValueAddedMaterialTest" name="testUserCanShareThePageLinkViaFacebookOfValueAddedMaterialPage" time="0.0">
    <ignored/>
  </testcase> <!-- testUserCanShareThePageLinkViaFacebookOfValueAddedMaterialPage -->
  <testcase classname="org.testpackage.TC330_ValueAddedMaterialTest" name="testUserCanShareThePageLinkViaGmailOfValueAddedMaterialPage" time="0.0">
    <ignored/>
  </testcase> <!-- testUserCanShareThePageLinkViaGmailOfValueAddedMaterialPage -->
  <testcase classname="org.testpackage.TC330_ValueAddedMaterialTest" name="testDownloadCountOfDocumentAfterUserLoginInValueAddedMaterialPage" time="0.0">
    <ignored/>
  </testcase> <!-- testDownloadCountOfDocumentAfterUserLoginInValueAddedMaterialPage -->
  <testcase classname="org.testpackage.TC330_ValueAddedMaterialTest" name="testLikeCountOfDocumentAtBeforeUserLoginInValueAddedMaterialPage" time="0.0">
    <ignored/>
  </testcase> <!-- testLikeCountOfDocumentAtBeforeUserLoginInValueAddedMaterialPage -->
  <testcase classname="org.testpackage.TC330_ValueAddedMaterialTest" name="testTitleOfDocumentInValueAddedMaterialPage" time="0.0">
    <ignored/>
  </testcase> <!-- testTitleOfDocumentInValueAddedMaterialPage -->
  <testcase classname="org.testpackage.TC330_ValueAddedMaterialTest" name="testLikeCountBeforeUserLoginInValueAddedMaterialPage" time="0.0">
    <ignored/>
  </testcase> <!-- testLikeCountBeforeUserLoginInValueAddedMaterialPage -->
</testsuite> <!--  Mains Test -->
