<?xml version="1.0" encoding="UTF-8"?>
<!-- Generated by org.testng.reporters.JUnitXMLReporter -->
<testsuite ignored="15" hostname="MSI" failures="1" tests="1" name=" News Today Hindi Test" time="25.266" errors="0" timestamp="2023-11-02T15:10:38 IST">
  <testcase classname="org.testpackage.TC150_NewsTodayHindi" name="testLikeCountAfterUserLoginInNewsTodayHindi" time="23.349">
    <failure type="org.openqa.selenium.TimeoutException" message="Expected condition failed: waiting for element to be clickable: Proxy element for: DefaultElementLocator &amp;apos;By.xpath: //*[@id=&amp;apos;mobile-menu&amp;apos;]/li[1]/a/label&amp;apos; (tried for 10 second(s) with 500 milliseconds interval)">
      <![CDATA[org.openqa.selenium.TimeoutException: Expected condition failed: waiting for element to be clickable: Proxy element for: DefaultElementLocator 'By.xpath: //*[@id='mobile-menu']/li[1]/a/label' (tried for 10 second(s) with 500 milliseconds interval)
at org.openqa.selenium.support.ui.WebDriverWait.timeoutException(WebDriverWait.java:95)
at org.openqa.selenium.support.ui.FluentWait.until(FluentWait.java:272)
at org.pageclasspackage.Resources.clickCurrentAffairsUnderResources(Resources.java:198)
at org.testpackage.TC150_NewsTodayHindi.testLikeCountAfterUserLoginInNewsTodayHindi(TC150_NewsTodayHindi.java:425)
at java.base/java.util.concurrent.ThreadPoolExecutor.runWorker(ThreadPoolExecutor.java:1136)
at java.base/java.util.concurrent.ThreadPoolExecutor$Worker.run(ThreadPoolExecutor.java:635)
at java.base/java.lang.Thread.run(Thread.java:833)
Caused by: org.openqa.selenium.NoSuchElementException: no such element: Unable to locate element: {"method":"xpath","selector":"//*[@id='mobile-menu']/li[1]/a/label"}
  (Session info: chrome=118.0.5993.118)
For documentation on this error, please visit: https://www.seleniumhq.org/exceptions/no_such_element.html
Build info: version: '3.141.59', revision: 'e82be7d358', time: '2018-11-14T08:17:03'
System info: host: 'MSI', ip: '10.8.0.18', os.name: 'Windows 11', os.arch: 'amd64', os.version: '10.0', java.version: '17.0.7'
Driver info: org.openqa.selenium.chrome.ChromeDriver
Capabilities {acceptInsecureCerts: false, browserName: chrome, browserVersion: 118.0.5993.118, chrome: {chromedriverVersion: 117.0.5938.62 (25a7172909a4..., userDataDir: C:\Users\JEYASA~1\AppData\L...}, fedcm:accounts: true, goog:chromeOptions: {debuggerAddress: localhost:55405}, javascriptEnabled: true, networkConnectionEnabled: false, pageLoadStrategy: normal, platform: WINDOWS, platformName: WINDOWS, proxy: Proxy(), setWindowRect: true, strictFileInteractability: false, timeouts: {implicit: 0, pageLoad: 300000, script: 30000}, unhandledPromptBehavior: dismiss and notify, webauthn:extension:credBlob: true, webauthn:extension:largeBlob: true, webauthn:extension:minPinLength: true, webauthn:extension:prf: true, webauthn:virtualAuthenticators: true}
Session ID: a2d39f4f8059ca383dab3209952d06c2
*** Element info: {Using=xpath, value=//*[@id='mobile-menu']/li[1]/a/label}
at org.openqa.selenium.remote.http.W3CHttpResponseCodec.createException(W3CHttpResponseCodec.java:187)
at org.openqa.selenium.remote.http.W3CHttpResponseCodec.decode(W3CHttpResponseCodec.java:122)
at org.openqa.selenium.remote.http.W3CHttpResponseCodec.decode(W3CHttpResponseCodec.java:49)
at org.openqa.selenium.remote.HttpCommandExecutor.execute(HttpCommandExecutor.java:158)
at org.openqa.selenium.remote.service.DriverCommandExecutor.execute(DriverCommandExecutor.java:83)
at org.openqa.selenium.remote.RemoteWebDriver.execute(RemoteWebDriver.java:552)
at org.openqa.selenium.remote.RemoteWebDriver.findElement(RemoteWebDriver.java:323)
at org.openqa.selenium.remote.RemoteWebDriver.findElementByXPath(RemoteWebDriver.java:428)
at org.openqa.selenium.By$ByXPath.findElement(By.java:353)
at org.openqa.selenium.remote.RemoteWebDriver.findElement(RemoteWebDriver.java:315)
at org.openqa.selenium.support.pagefactory.DefaultElementLocator.findElement(DefaultElementLocator.java:69)
at org.openqa.selenium.support.pagefactory.internal.LocatingElementHandler.invoke(LocatingElementHandler.java:38)
at jdk.proxy2/jdk.proxy2.$Proxy19.isDisplayed(Unknown Source)
at org.openqa.selenium.support.ui.ExpectedConditions.elementIfVisible(ExpectedConditions.java:314)
at org.openqa.selenium.support.ui.ExpectedConditions.access$000(ExpectedConditions.java:43)
at org.openqa.selenium.support.ui.ExpectedConditions$10.apply(ExpectedConditions.java:300)
at org.openqa.selenium.support.ui.ExpectedConditions$10.apply(ExpectedConditions.java:297)
at org.openqa.selenium.support.ui.ExpectedConditions$23.apply(ExpectedConditions.java:670)
at org.openqa.selenium.support.ui.ExpectedConditions$23.apply(ExpectedConditions.java:666)
at org.openqa.selenium.support.ui.FluentWait.until(FluentWait.java:249)
... 17 more
... Removed 16 stack frames]]>
    </failure>
  </testcase> <!-- testLikeCountAfterUserLoginInNewsTodayHindi -->
  <testcase classname="org.testpackage.TC150_NewsTodayHindi" name="testClearFilterOptionInNewsTodayHindi" time="0.0">
    <ignored/>
  </testcase> <!-- testClearFilterOptionInNewsTodayHindi -->
  <testcase classname="org.testpackage.TC150_NewsTodayHindi" name="testDownloadCountOfDocumentBeforeUserLoginInNewsTodayHindi" time="0.0">
    <ignored/>
  </testcase> <!-- testDownloadCountOfDocumentBeforeUserLoginInNewsTodayHindi -->
  <testcase classname="org.testpackage.TC150_NewsTodayHindi" name="testLikeCountInNewsTodayHindiDocument" time="0.0">
    <ignored/>
  </testcase> <!-- testLikeCountInNewsTodayHindiDocument -->
  <testcase classname="org.testpackage.TC150_NewsTodayHindi" name="testLikeCountOfDocumentAtBeforeUserLoginInNewsTodayHindi" time="0.0">
    <ignored/>
  </testcase> <!-- testLikeCountOfDocumentAtBeforeUserLoginInNewsTodayHindi -->
  <testcase classname="org.testpackage.TC150_NewsTodayHindi" name="testUserCanShareThePageLinkViaFacebookOfNewsTodayHindi" time="0.0">
    <ignored/>
  </testcase> <!-- testUserCanShareThePageLinkViaFacebookOfNewsTodayHindi -->
  <testcase classname="org.testpackage.TC150_NewsTodayHindi" name="testPresenceOfDocumentInNewsTodayHindi" time="0.0">
    <ignored/>
  </testcase> <!-- testPresenceOfDocumentInNewsTodayHindi -->
  <testcase classname="org.testpackage.TC150_NewsTodayHindi" name="testTitleOfDocumentInNewsTodayHindi" time="0.0">
    <ignored/>
  </testcase> <!-- testTitleOfDocumentInNewsTodayHindi -->
  <testcase classname="org.testpackage.TC150_NewsTodayHindi" name="testPaginationInNewsTodayHindi" time="0.0">
    <ignored/>
  </testcase> <!-- testPaginationInNewsTodayHindi -->
  <testcase classname="org.testpackage.TC150_NewsTodayHindi" name="testUserCanShareThePageLinkViaTelegramOfNewsTodayHindi" time="0.0">
    <ignored/>
  </testcase> <!-- testUserCanShareThePageLinkViaTelegramOfNewsTodayHindi -->
  <testcase classname="org.testpackage.TC150_NewsTodayHindi" name="testBannerTextOfNewsTodayHindi" time="0.0">
    <ignored/>
  </testcase> <!-- testBannerTextOfNewsTodayHindi -->
  <testcase classname="org.testpackage.TC150_NewsTodayHindi" name="testUserCanShareThePageLinkViaWhatsappOfNewsTodayHindi" time="0.0">
    <ignored/>
  </testcase> <!-- testUserCanShareThePageLinkViaWhatsappOfNewsTodayHindi -->
  <testcase classname="org.testpackage.TC150_NewsTodayHindi" name="testUserCanShareThePageLinkViaGmailOfNewsTodayHindi" time="0.0">
    <ignored/>
  </testcase> <!-- testUserCanShareThePageLinkViaGmailOfNewsTodayHindi -->
  <testcase classname="org.testpackage.TC150_NewsTodayHindi" name="testFilterFunctionalityOfNewsTodayHindi" time="0.0">
    <ignored/>
  </testcase> <!-- testFilterFunctionalityOfNewsTodayHindi -->
  <testcase classname="org.testpackage.TC150_NewsTodayHindi" name="testLikeCountBeforeUserLoginInNewsTodayHindi" time="0.0">
    <ignored/>
  </testcase> <!-- testLikeCountBeforeUserLoginInNewsTodayHindi -->
  <testcase classname="org.testpackage.TC150_NewsTodayHindi" name="testPresenceOfYearAndMediumInNewsTodayHindiDocument" time="0.0">
    <ignored/>
  </testcase> <!-- testPresenceOfYearAndMediumInNewsTodayHindiDocument -->
</testsuite> <!--  News Today Hindi Test -->
