<?xml version="1.0" encoding="UTF-8"?>
<!-- Generated by org.testng.reporters.JUnitXMLReporter -->
<testsuite ignored="20" hostname="MSI" failures="1" tests="5" name=" Sign Up page Boundary value test" time="172.617" errors="0" timestamp="2023-10-06T18:48:46 IST">
  <testcase classname="org.testpackage.TC001_Signup" name="testLabels" time="20.113"/>
  <testcase classname="org.testpackage.TC001_Signup" name="testByEnteringSameNameInFirstAndLastnameFields" time="22.54"/>
  <testcase classname="org.testpackage.TC001_Signup" name="testByEnteringNumbersInFirstAndLastnameFields" time="20.503"/>
  <testcase classname="org.testpackage.TC001_Signup" name="testByEnteringDotOperatorBetweenNameInFirstAndLastnameFields" time="23.714"/>
  <testcase classname="org.testpackage.TC001_Signup" name="testByEnteringTheEmailidWithDomainNameDotIn" time="22.27">
    <failure type="org.openqa.selenium.NoSuchElementException" message="no such element: Unable to locate element: {&amp;quot;method&amp;quot;:&amp;quot;xpath&amp;quot;,&amp;quot;selector&amp;quot;:&amp;quot;//h4[text()=&amp;apos;Enter the verification code&amp;apos;]&amp;quot;}
  (Session info: chrome=117.0.5938.149)
For documentation on this error, please visit: https://www.seleniumhq.org/exceptions/no_such_element.html
Build info: version: &amp;apos;3.141.59&amp;apos;, revision: &amp;apos;e82be7d358&amp;apos;, time: &amp;apos;2018-11-14T08:17:03&amp;apos;
System info: host: &amp;apos;MSI&amp;apos;, ip: &amp;apos;10.8.0.18&amp;apos;, os.name: &amp;apos;Windows 11&amp;apos;, os.arch: &amp;apos;amd64&amp;apos;, os.version: &amp;apos;10.0&amp;apos;, java.version: &amp;apos;17.0.7&amp;apos;
Driver info: org.openqa.selenium.chrome.ChromeDriver
Capabilities {acceptInsecureCerts: false, browserName: chrome, browserVersion: 117.0.5938.149, chrome: {chromedriverVersion: 117.0.5938.62 (25a7172909a4..., userDataDir: C:\Users\JEYASA~1\AppData\L...}, fedcm:accounts: true, goog:chromeOptions: {debuggerAddress: localhost:53325}, javascriptEnabled: true, networkConnectionEnabled: false, pageLoadStrategy: normal, platform: WINDOWS, platformName: WINDOWS, proxy: Proxy(), setWindowRect: true, strictFileInteractability: false, timeouts: {implicit: 0, pageLoad: 300000, script: 30000}, unhandledPromptBehavior: dismiss and notify, webauthn:extension:credBlob: true, webauthn:extension:largeBlob: true, webauthn:extension:minPinLength: true, webauthn:extension:prf: true, webauthn:virtualAuthenticators: true}
Session ID: 69e9fd29252cbd26922682717756ce96
*** Element info: {Using=xpath, value=//h4[text()=&amp;apos;Enter the verification code&amp;apos;]}">
      <![CDATA[org.openqa.selenium.NoSuchElementException: no such element: Unable to locate element: {"method":"xpath","selector":"//h4[text()='Enter the verification code']"}
  (Session info: chrome=117.0.5938.149)
For documentation on this error, please visit: https://www.seleniumhq.org/exceptions/no_such_element.html
Build info: version: '3.141.59', revision: 'e82be7d358', time: '2018-11-14T08:17:03'
System info: host: 'MSI', ip: '10.8.0.18', os.name: 'Windows 11', os.arch: 'amd64', os.version: '10.0', java.version: '17.0.7'
Driver info: org.openqa.selenium.chrome.ChromeDriver
Capabilities {acceptInsecureCerts: false, browserName: chrome, browserVersion: 117.0.5938.149, chrome: {chromedriverVersion: 117.0.5938.62 (25a7172909a4..., userDataDir: C:\Users\JEYASA~1\AppData\L...}, fedcm:accounts: true, goog:chromeOptions: {debuggerAddress: localhost:53325}, javascriptEnabled: true, networkConnectionEnabled: false, pageLoadStrategy: normal, platform: WINDOWS, platformName: WINDOWS, proxy: Proxy(), setWindowRect: true, strictFileInteractability: false, timeouts: {implicit: 0, pageLoad: 300000, script: 30000}, unhandledPromptBehavior: dismiss and notify, webauthn:extension:credBlob: true, webauthn:extension:largeBlob: true, webauthn:extension:minPinLength: true, webauthn:extension:prf: true, webauthn:virtualAuthenticators: true}
Session ID: 69e9fd29252cbd26922682717756ce96
*** Element info: {Using=xpath, value=//h4[text()='Enter the verification code']}
at org.openqa.selenium.remote.http.W3CHttpResponseCodec.createException(W3CHttpResponseCodec.java:187)
at org.openqa.selenium.remote.http.W3CHttpResponseCodec.decode(W3CHttpResponseCodec.java:122)
at org.openqa.selenium.remote.http.W3CHttpResponseCodec.decode(W3CHttpResponseCodec.java:49)
at org.openqa.selenium.remote.HttpCommandExecutor.execute(HttpCommandExecutor.java:158)
at org.openqa.selenium.remote.service.DriverCommandExecutor.execute(DriverCommandExecutor.java:83)
at org.openqa.selenium.remote.RemoteWebDriver.execute(RemoteWebDriver.java:552)
at org.openqa.selenium.remote.RemoteWebDriver.findElement(RemoteWebDriver.java:323)
at org.openqa.selenium.remote.RemoteWebDriver.findElementByXPath(RemoteWebDriver.java:428)
at org.openqa.selenium.By$ByXPath.findElement(By.java:353)
at org.openqa.selenium.remote.RemoteWebDriver.findElement(RemoteWebDriver.java:315)
at org.openqa.selenium.support.pagefactory.DefaultElementLocator.findElement(DefaultElementLocator.java:69)
at org.openqa.selenium.support.pagefactory.internal.LocatingElementHandler.invoke(LocatingElementHandler.java:38)
at jdk.proxy2/jdk.proxy2.$Proxy19.getText(Unknown Source)
at org.pageclasspackage.SignUp.checkOTPWindowTitle(SignUp.java:224)
at org.testpackage.TC001_Signup.testByEnteringTheEmailidWithDomainNameDotIn(TC001_Signup.java:431)
at java.base/java.util.concurrent.ThreadPoolExecutor.runWorker(ThreadPoolExecutor.java:1136)
at java.base/java.util.concurrent.ThreadPoolExecutor$Worker.run(ThreadPoolExecutor.java:635)
at java.base/java.lang.Thread.run(Thread.java:833)
... Removed 17 stack frames]]>
    </failure>
  </testcase> <!-- testByEnteringTheEmailidWithDomainNameDotIn -->
  <testcase classname="org.testpackage.TC001_Signup" name="testLessThanMinimumCharacterLimitationInSignupFields" time="0.0">
    <ignored/>
  </testcase> <!-- testLessThanMinimumCharacterLimitationInSignupFields -->
  <testcase classname="org.testpackage.TC001_Signup" name="signUpWithSameEmailForSixTimes" time="0.0">
    <ignored/>
  </testcase> <!-- signUpWithSameEmailForSixTimes -->
  <testcase classname="org.testpackage.TC001_Signup" name="testByEnteringEmailAddressWithoutDomainName" time="0.0">
    <ignored/>
  </testcase> <!-- testByEnteringEmailAddressWithoutDomainName -->
  <testcase classname="org.testpackage.TC001_Signup" name="testByEnteringEmailAddressWithoutAtSymbol" time="0.0">
    <ignored/>
  </testcase> <!-- testByEnteringEmailAddressWithoutAtSymbol -->
  <testcase classname="org.testpackage.TC001_Signup" name="signUpForMissingFieldAndValidData" time="0.0">
    <ignored/>
  </testcase> <!-- signUpForMissingFieldAndValidData -->
  <testcase classname="org.testpackage.TC001_Signup" name="testGreaterThanMaximumCharacterLimitationInSignupFields" time="0.0">
    <ignored/>
  </testcase> <!-- testGreaterThanMaximumCharacterLimitationInSignupFields -->
  <testcase classname="org.testpackage.TC001_Signup" name="testMaximumCharacterLimitationInSignupFields" time="0.0">
    <ignored/>
  </testcase> <!-- testMaximumCharacterLimitationInSignupFields -->
  <testcase classname="org.testpackage.TC001_Signup" name="signUpAfterFifthTimeWithSameEmail" time="0.0">
    <ignored/>
  </testcase> <!-- signUpAfterFifthTimeWithSameEmail -->
  <testcase classname="org.testpackage.TC001_Signup" name="testMinimumCharacterLimitationInSignupFields" time="0.0">
    <ignored/>
  </testcase> <!-- testMinimumCharacterLimitationInSignupFields -->
  <testcase classname="org.testpackage.TC001_Signup" name="testByEnteringEmailAddressWithTwoAtSymbols" time="0.0">
    <ignored/>
  </testcase> <!-- testByEnteringEmailAddressWithTwoAtSymbols -->
  <testcase classname="org.testpackage.TC001_Signup" name="testByEnteringOnlySpecialCharactersInFirstAndLastnameFields" time="0.0">
    <ignored/>
  </testcase> <!-- testByEnteringOnlySpecialCharactersInFirstAndLastnameFields -->
  <testcase classname="org.testpackage.TC001_Signup" name="testByEnteringTheEmailidWithDomainNameDotOrg" time="0.0">
    <ignored/>
  </testcase> <!-- testByEnteringTheEmailidWithDomainNameDotOrg -->
  <testcase classname="org.testpackage.TC001_Signup" name="testByEnteringAlphaNumericBeforeDomainInEmailAddressField" time="0.0">
    <ignored/>
  </testcase> <!-- testByEnteringAlphaNumericBeforeDomainInEmailAddressField -->
  <testcase classname="org.testpackage.TC001_Signup" name="testByEnteringSpaceBetweenEachAlphabetsInFirstAndLastnameFields" time="0.0">
    <ignored/>
  </testcase> <!-- testByEnteringSpaceBetweenEachAlphabetsInFirstAndLastnameFields -->
  <testcase classname="org.testpackage.TC001_Signup" name="signWithExistingUser" time="0.0">
    <ignored/>
  </testcase> <!-- signWithExistingUser -->
  <testcase classname="org.testpackage.TC001_Signup" name="testByEnteringTheEmailidWithDomainNameDotNet" time="0.0">
    <ignored/>
  </testcase> <!-- testByEnteringTheEmailidWithDomainNameDotNet -->
  <testcase classname="org.testpackage.TC001_Signup" name="testByEnteringEmailAddressWithoutDotOperator" time="0.0">
    <ignored/>
  </testcase> <!-- testByEnteringEmailAddressWithoutDotOperator -->
  <testcase classname="org.testpackage.TC001_Signup" name="testByEnteringEmailAddressWithTailingDotOperators" time="0.0">
    <ignored/>
  </testcase> <!-- testByEnteringEmailAddressWithTailingDotOperators -->
  <testcase classname="org.testpackage.TC001_Signup" name="testByEnteringAlphaNumericCharacterInFirstAndLastnameFields" time="0.0">
    <ignored/>
  </testcase> <!-- testByEnteringAlphaNumericCharacterInFirstAndLastnameFields -->
  <testcase classname="org.testpackage.TC001_Signup" name="testByEnteringOnlyNumbersInEmailAddressField" time="0.0">
    <ignored/>
  </testcase> <!-- testByEnteringOnlyNumbersInEmailAddressField -->
</testsuite> <!--  Sign Up page Boundary value test -->
