<?xml version="1.0" encoding="UTF-8"?>
<!-- Generated by org.testng.reporters.JUnitXMLReporter -->
<testsuite ignored="33" hostname="MSI" failures="0" tests="8" name=" Sign Up page Negative test" time="0.113" errors="0" timestamp="2024-01-25T10:24:43 IST">
  <testcase classname="org.basepackage.VisionBaseClass" name="@BeforeMethod launch" time="0.029">
    <failure type="org.openqa.selenium.remote.NoSuchDriverException" message="chromedriver located at /usr/bin/chromedriver, but invalid
For documentation on this error, please visit: https://www.selenium.dev/documentation/webdriver/troubleshooting/errors/driver_location/
Build info: version: &amp;apos;4.12.1&amp;apos;, revision: &amp;apos;8e34639b11&amp;apos;
System info: os.name: &amp;apos;Windows 11&amp;apos;, os.arch: &amp;apos;amd64&amp;apos;, os.version: &amp;apos;10.0&amp;apos;, java.version: &amp;apos;11.0.18&amp;apos;
Driver info: driver.version: ChromeDriver">
      <![CDATA[org.openqa.selenium.remote.NoSuchDriverException: chromedriver located at /usr/bin/chromedriver, but invalid
For documentation on this error, please visit: https://www.selenium.dev/documentation/webdriver/troubleshooting/errors/driver_location/
Build info: version: '4.12.1', revision: '8e34639b11'
System info: os.name: 'Windows 11', os.arch: 'amd64', os.version: '10.0', java.version: '11.0.18'
Driver info: driver.version: ChromeDriver
at org.openqa.selenium.remote.service.DriverFinder.getPath(DriverFinder.java:45)
at org.openqa.selenium.remote.service.DriverFinder.getPath(DriverFinder.java:13)
at org.openqa.selenium.chrome.ChromeDriver.generateExecutor(ChromeDriver.java:99)
at org.openqa.selenium.chrome.ChromeDriver.<init>(ChromeDriver.java:88)
at org.openqa.selenium.chrome.ChromeDriver.<init>(ChromeDriver.java:83)
at org.openqa.selenium.chrome.ChromeDriver.<init>(ChromeDriver.java:72)
at org.basepackage.VisionBaseClass.launch(VisionBaseClass.java:150)
at java.base/java.util.ArrayList.forEach(ArrayList.java:1541)
... Removed 31 stack frames]]>
    </failure>
  </testcase> <!-- @BeforeMethod launch -->
  <testcase classname="org.basepackage.VisionBaseClass" name="@AfterMethod checkStatus" time="-1.706158483486E9">
    <skipped/>
  </testcase> <!-- @AfterMethod checkStatus -->
  <testcase classname="org.basepackage.VisionBaseClass" name="@BeforeMethod launch" time="-1.706158483491E9">
    <skipped/>
  </testcase> <!-- @BeforeMethod launch -->
  <testcase classname="org.basepackage.VisionBaseClass" name="@AfterMethod checkStatus" time="-1.706158483494E9">
    <skipped/>
  </testcase> <!-- @AfterMethod checkStatus -->
  <testcase classname="org.basepackage.VisionBaseClass" name="@BeforeMethod launch" time="-1.706158483494E9">
    <skipped/>
  </testcase> <!-- @BeforeMethod launch -->
  <testcase classname="org.basepackage.VisionBaseClass" name="@AfterMethod checkStatus" time="-1.706158483497E9">
    <skipped/>
  </testcase> <!-- @AfterMethod checkStatus -->
  <testcase classname="org.basepackage.VisionBaseClass" name="@BeforeMethod launch" time="-1.706158483497E9">
    <skipped/>
  </testcase> <!-- @BeforeMethod launch -->
  <testcase classname="org.basepackage.VisionBaseClass" name="@AfterMethod checkStatus" time="-1.706158483499E9">
    <skipped/>
  </testcase> <!-- @AfterMethod checkStatus -->
  <testcase classname="org.basepackage.VisionBaseClass" name="@BeforeMethod launch" time="-1.7061584835E9">
    <skipped/>
  </testcase> <!-- @BeforeMethod launch -->
  <testcase classname="org.basepackage.VisionBaseClass" name="@AfterMethod checkStatus" time="-1.706158483503E9">
    <skipped/>
  </testcase> <!-- @AfterMethod checkStatus -->
  <testcase classname="org.basepackage.VisionBaseClass" name="@BeforeMethod launch" time="-1.706158483503E9">
    <skipped/>
  </testcase> <!-- @BeforeMethod launch -->
  <testcase classname="org.basepackage.VisionBaseClass" name="@AfterMethod checkStatus" time="-1.706158483505E9">
    <skipped/>
  </testcase> <!-- @AfterMethod checkStatus -->
  <testcase classname="org.basepackage.VisionBaseClass" name="@BeforeMethod launch" time="-1.706158483506E9">
    <skipped/>
  </testcase> <!-- @BeforeMethod launch -->
  <testcase classname="org.basepackage.VisionBaseClass" name="@AfterMethod checkStatus" time="-1.706158483508E9">
    <skipped/>
  </testcase> <!-- @AfterMethod checkStatus -->
  <testcase classname="org.basepackage.VisionBaseClass" name="@BeforeMethod launch" time="-1.706158483508E9">
    <skipped/>
  </testcase> <!-- @BeforeMethod launch -->
  <testcase classname="org.basepackage.VisionBaseClass" name="@AfterMethod checkStatus" time="-1.706158483511E9">
    <skipped/>
  </testcase> <!-- @AfterMethod checkStatus -->
  <testcase classname="org.testpackage.TC001_Signup" name="signUpWithExistingUserEmailAddress" time="0.0">
    <skipped/>
  </testcase> <!-- signUpWithExistingUserEmailAddress -->
  <testcase classname="org.testpackage.TC001_Signup" name="signUpForMissingFieldAndValidData" time="0.0">
    <skipped/>
  </testcase> <!-- signUpForMissingFieldAndValidData -->
  <testcase classname="org.testpackage.TC001_Signup" name="signUpForMissingFieldAndValidData" time="0.0">
    <skipped/>
  </testcase> <!-- signUpForMissingFieldAndValidData -->
  <testcase classname="org.testpackage.TC001_Signup" name="signUpForMissingFieldAndValidData" time="0.0">
    <skipped/>
  </testcase> <!-- signUpForMissingFieldAndValidData -->
  <testcase classname="org.testpackage.TC001_Signup" name="signUpForMissingFieldAndValidData" time="0.0">
    <skipped/>
  </testcase> <!-- signUpForMissingFieldAndValidData -->
  <testcase classname="org.testpackage.TC001_Signup" name="signUpForMissingFieldAndValidData" time="0.0">
    <skipped/>
  </testcase> <!-- signUpForMissingFieldAndValidData -->
  <testcase classname="org.testpackage.TC001_Signup" name="signUpForMissingFieldAndValidData" time="0.0">
    <skipped/>
  </testcase> <!-- signUpForMissingFieldAndValidData -->
  <testcase classname="org.testpackage.TC001_Signup" name="signUpForMissingFieldAndValidData" time="0.0">
    <skipped/>
  </testcase> <!-- signUpForMissingFieldAndValidData -->
  <testcase classname="org.testpackage.TC001_Signup" name="testByEnteringOnlyNumbersInPassword" time="0.0">
    <ignored/>
  </testcase> <!-- testByEnteringOnlyNumbersInPassword -->
  <testcase classname="org.testpackage.TC001_Signup" name="testByEnteringEmailAddressWithoutDomainName" time="0.0">
    <ignored/>
  </testcase> <!-- testByEnteringEmailAddressWithoutDomainName -->
  <testcase classname="org.testpackage.TC001_Signup" name="testByEnteringTheEmailidWithDomainNameDotNet" time="0.0">
    <ignored/>
  </testcase> <!-- testByEnteringTheEmailidWithDomainNameDotNet -->
  <testcase classname="org.testpackage.TC001_Signup" name="testByEnteringAlphaNumericCharacterInFirstAndLastnameFields" time="0.0">
    <ignored/>
  </testcase> <!-- testByEnteringAlphaNumericCharacterInFirstAndLastnameFields -->
  <testcase classname="org.testpackage.TC001_Signup" name="testByEnteringEmailAddressWithTailingDotOperators" time="0.0">
    <ignored/>
  </testcase> <!-- testByEnteringEmailAddressWithTailingDotOperators -->
  <testcase classname="org.testpackage.TC001_Signup" name="testByEnteringEmailAddressWithTwoAtSymbols" time="0.0">
    <ignored/>
  </testcase> <!-- testByEnteringEmailAddressWithTwoAtSymbols -->
  <testcase classname="org.testpackage.TC001_Signup" name="testByEnteringSpecialCharactersInMobileNumberField" time="0.0">
    <ignored/>
  </testcase> <!-- testByEnteringSpecialCharactersInMobileNumberField -->
  <testcase classname="org.testpackage.TC001_Signup" name="signUpAfterFifthTimeWithSameEmail" time="0.0">
    <ignored/>
  </testcase> <!-- signUpAfterFifthTimeWithSameEmail -->
  <testcase classname="org.testpackage.TC001_Signup" name="testSpaceCountedAsACharacterButNotAtTheBeginningAndEndofThePassword" time="0.0">
    <ignored/>
  </testcase> <!-- testSpaceCountedAsACharacterButNotAtTheBeginningAndEndofThePassword -->
  <testcase classname="org.testpackage.TC001_Signup" name="testByEnteringTheEmailidWithDomainNameDotOrg" time="0.0">
    <ignored/>
  </testcase> <!-- testByEnteringTheEmailidWithDomainNameDotOrg -->
  <testcase classname="org.testpackage.TC001_Signup" name="testByEnteringSpaceBetweenEachAlphabetsInFirstAndLastnameFields" time="0.0">
    <ignored/>
  </testcase> <!-- testByEnteringSpaceBetweenEachAlphabetsInFirstAndLastnameFields -->
  <testcase classname="org.testpackage.TC001_Signup" name="testByEnteringCountryName" time="0.0">
    <ignored/>
  </testcase> <!-- testByEnteringCountryName -->
  <testcase classname="org.testpackage.TC001_Signup" name="testLabels" time="0.0">
    <ignored/>
  </testcase> <!-- testLabels -->
  <testcase classname="org.testpackage.TC001_Signup" name="testByEnteringOnlySpecialCharactersInFirstAndLastnameFields" time="0.0">
    <ignored/>
  </testcase> <!-- testByEnteringOnlySpecialCharactersInFirstAndLastnameFields -->
  <testcase classname="org.testpackage.TC001_Signup" name="testByEnteringZeroAtInitialPlaceInMobileNumberField" time="0.0">
    <ignored/>
  </testcase> <!-- testByEnteringZeroAtInitialPlaceInMobileNumberField -->
  <testcase classname="org.testpackage.TC001_Signup" name="testByEnteringAlphaNumericBeforeDomainInEmailAddressField" time="0.0">
    <ignored/>
  </testcase> <!-- testByEnteringAlphaNumericBeforeDomainInEmailAddressField -->
  <testcase classname="org.testpackage.TC001_Signup" name="testByEnteringDotOperatorBetweenNameInFirstAndLastnameFields" time="0.0">
    <ignored/>
  </testcase> <!-- testByEnteringDotOperatorBetweenNameInFirstAndLastnameFields -->
  <testcase classname="org.testpackage.TC001_Signup" name="testByEnteringOnlyNumbersInEmailAddressField" time="0.0">
    <ignored/>
  </testcase> <!-- testByEnteringOnlyNumbersInEmailAddressField -->
  <testcase classname="org.testpackage.TC001_Signup" name="testLessThanMinimumCharacterLimitationInSignupFields" time="0.0">
    <ignored/>
  </testcase> <!-- testLessThanMinimumCharacterLimitationInSignupFields -->
  <testcase classname="org.testpackage.TC001_Signup" name="testByEnteringSameNameInFirstAndLastnameFields" time="0.0">
    <ignored/>
  </testcase> <!-- testByEnteringSameNameInFirstAndLastnameFields -->
  <testcase classname="org.testpackage.TC001_Signup" name="testByEnteringNumbersInFirstAndLastnameFields" time="0.0">
    <ignored/>
  </testcase> <!-- testByEnteringNumbersInFirstAndLastnameFields -->
  <testcase classname="org.testpackage.TC001_Signup" name="testByEnteringtenZerosInMobileNumberField" time="0.0">
    <ignored/>
  </testcase> <!-- testByEnteringtenZerosInMobileNumberField -->
  <testcase classname="org.testpackage.TC001_Signup" name="testByEnteringOnlySpecialCharactersInPassword" time="0.0">
    <ignored/>
  </testcase> <!-- testByEnteringOnlySpecialCharactersInPassword -->
  <testcase classname="org.testpackage.TC001_Signup" name="testByEnteringTheBlankSpaceBetweenMobileNumber" time="0.0">
    <ignored/>
  </testcase> <!-- testByEnteringTheBlankSpaceBetweenMobileNumber -->
  <testcase classname="org.testpackage.TC001_Signup" name="testByEnteringTheEmailidWithDomainNameDotIn" time="0.0">
    <ignored/>
  </testcase> <!-- testByEnteringTheEmailidWithDomainNameDotIn -->
  <testcase classname="org.testpackage.TC001_Signup" name="testMinimumCharacterLimitationInSignupFields" time="0.0">
    <ignored/>
  </testcase> <!-- testMinimumCharacterLimitationInSignupFields -->
  <testcase classname="org.testpackage.TC001_Signup" name="testByEnteringOnlyAlphabetsInPassword" time="0.0">
    <ignored/>
  </testcase> <!-- testByEnteringOnlyAlphabetsInPassword -->
  <testcase classname="org.testpackage.TC001_Signup" name="signUpWithSameEmailForFiveTimes" time="0.0">
    <ignored/>
  </testcase> <!-- signUpWithSameEmailForFiveTimes -->
  <testcase classname="org.testpackage.TC001_Signup" name="testByEnteringEmailAddressWithoutDotOperator" time="0.0">
    <ignored/>
  </testcase> <!-- testByEnteringEmailAddressWithoutDotOperator -->
  <testcase classname="org.testpackage.TC001_Signup" name="testGreaterThanMaximumCharacterLimitationInSignupFields" time="0.0">
    <ignored/>
  </testcase> <!-- testGreaterThanMaximumCharacterLimitationInSignupFields -->
  <testcase classname="org.testpackage.TC001_Signup" name="testByEnteringEmailAddressWithoutAtSymbol" time="0.0">
    <ignored/>
  </testcase> <!-- testByEnteringEmailAddressWithoutAtSymbol -->
  <testcase classname="org.testpackage.TC001_Signup" name="testMaximumCharacterLimitationInSignupFields" time="0.0">
    <ignored/>
  </testcase> <!-- testMaximumCharacterLimitationInSignupFields -->
  <testcase classname="org.testpackage.TC001_Signup" name="testByEnteringCobinationOfAllCharactersInPassword" time="0.0">
    <ignored/>
  </testcase> <!-- testByEnteringCobinationOfAllCharactersInPassword -->
</testsuite> <!--  Sign Up page Negative test -->
