<!DOCTYPE html>

<html>
  <head>
  <meta charset='utf-8'>
  <title>TestNG reports</title>

    <link type="text/css" href="testng-reports1.css" rel="stylesheet" id="ultra" />
    <link type="text/css" href="testng-reports.css" rel="stylesheet" id="retro" disabled="false"/>
    <script type="text/javascript" src="jquery.min.js"></script>
    <script type="text/javascript" src="testng-reports.js"></script>
    <script type="text/javascript" src="https://www.google.com/jsapi"></script>
    <script type='text/javascript'>
      google.load('visualization', '1', {packages:['table']});
      google.setOnLoadCallback(drawTable);
      var suiteTableInitFunctions = new Array();
      var suiteTableData = new Array();
    </script>
    <!--
      <script type="text/javascript" src="jquery-ui/js/jquery-ui-1.8.16.custom.min.js"></script>
     -->
  </head>

  <body>
    <div class="top-banner-root">
      <span class="top-banner-title-font">Test results</span>
      <button id="button" class="button">Switch Retro Theme</button> <!-- button -->
      <br/>
      <span class="top-banner-font-1">1 suite</span>
    </div> <!-- top-banner-root -->
    <div class="navigator-root">
      <div class="navigator-suite-header">
        <span>All suites</span>
        <a href="#" title="Collapse/expand all the suites" class="collapse-all-link">
          <img src="collapseall.gif" class="collapse-all-icon">
          </img> <!-- collapse-all-icon -->
        </a> <!-- collapse-all-link -->
      </div> <!-- navigator-suite-header -->
      <div class="suite">
        <div class="rounded-window">
          <div class="suite-header light-rounded-window-top">
            <a href="#" panel-name="suite-Sign_Up" class="navigator-link">
              <span class="suite-name border-skipped">Sign Up</span>
            </a> <!-- navigator-link -->
          </div> <!-- suite-header light-rounded-window-top -->
          <div class="navigator-suite-content">
            <div class="suite-section-title">
              <span>Info</span>
            </div> <!-- suite-section-title -->
            <div class="suite-section-content">
              <ul>
                <li>
                  <a href="#" panel-name="test-xml-Sign_Up" class="navigator-link ">
                    <span>E:\Qa\Signup.xml</span>
                  </a> <!-- navigator-link  -->
                </li>
                <li>
                  <a href="#" panel-name="testlist-Sign_Up" class="navigator-link ">
                    <span class="test-stats">1 test</span>
                  </a> <!-- navigator-link  -->
                </li>
                <li>
                  <a href="#" panel-name="group-Sign_Up" class="navigator-link ">
                    <span>0 groups</span>
                  </a> <!-- navigator-link  -->
                </li>
                <li>
                  <a href="#" panel-name="times-Sign_Up" class="navigator-link ">
                    <span>Times</span>
                  </a> <!-- navigator-link  -->
                </li>
                <li>
                  <a href="#" panel-name="reporter-Sign_Up" class="navigator-link ">
                    <span>Reporter output</span>
                  </a> <!-- navigator-link  -->
                </li>
                <li>
                  <a href="#" panel-name="ignored-methods-Sign_Up" class="navigator-link ">
                    <span>Ignored methods</span>
                  </a> <!-- navigator-link  -->
                </li>
                <li>
                  <a href="#" panel-name="chronological-Sign_Up" class="navigator-link ">
                    <span>Chronological view</span>
                  </a> <!-- navigator-link  -->
                </li>
              </ul>
            </div> <!-- suite-section-content -->
            <div class="result-section">
              <div class="suite-section-title">
                <span>Results</span>
              </div> <!-- suite-section-title -->
              <div class="suite-section-content">
                <ul>
                  <li>
                    <span class="method-stats">8 methods,  8 skipped,  </span>
                  </li>
                  <li>
                    <span class="method-list-title skipped">Skipped methods</span>
                    <span class="show-or-hide-methods skipped">
                      <a href="#" panel-name="suite-Sign_Up" class="hide-methods skipped suite-Sign_Up"> (hide)</a> <!-- hide-methods skipped suite-Sign_Up -->
                      <a href="#" panel-name="suite-Sign_Up" class="show-methods skipped suite-Sign_Up"> (show)</a> <!-- show-methods skipped suite-Sign_Up -->
                    </span>
                    <div class="method-list-content skipped suite-Sign_Up">
                      <span>
                        <img src="skipped.png" width="3%"/>
                        <a href="#" panel-name="suite-Sign_Up" title="org.testpackage.TC001_Signup" class="method navigator-link" hash-for-method="signUpForMissingFieldAndValidData(, , , , )">signUpForMissingFieldAndValidData(, , , , )</a> <!-- method navigator-link -->
                      </span>
                      <br/>
                      <span>
                        <img src="skipped.png" width="3%"/>
                        <a href="#" panel-name="suite-Sign_Up" title="org.testpackage.TC001_Signup" class="method navigator-link" hash-for-method="signUpForMissingFieldAndValidData(Dheeraj, , sandeep@visionias.in, 7894561230, Jsa12345)">signUpForMissingFieldAndValidData(Dheeraj, , sandeep@visionias.in, 7894561230, Jsa12345)</a> <!-- method navigator-link -->
                      </span>
                      <br/>
                      <span>
                        <img src="skipped.png" width="3%"/>
                        <a href="#" panel-name="suite-Sign_Up" title="org.testpackage.TC001_Signup" class="method navigator-link" hash-for-method="signUpForMissingFieldAndValidData(Nalin, Mad, bansal@yahoo.com, 9230456789, )">signUpForMissingFieldAndValidData(Nalin, Mad, bansal@yahoo.com, 9230456789, )</a> <!-- method navigator-link -->
                      </span>
                      <br/>
                      <span>
                        <img src="skipped.png" width="3%"/>
                        <a href="#" panel-name="suite-Sign_Up" title="org.testpackage.TC001_Signup" class="method navigator-link" hash-for-method="signUpForMissingFieldAndValidData(Sandeep, pal, , 7894561230, K 12345)">signUpForMissingFieldAndValidData(Sandeep, pal, , 7894561230, K 12345)</a> <!-- method navigator-link -->
                      </span>
                      <br/>
                      <span>
                        <img src="skipped.png" width="3%"/>
                        <a href="#" panel-name="suite-Sign_Up" title="org.testpackage.TC001_Signup" class="method navigator-link" hash-for-method="signUpForMissingFieldAndValidData(Chaitra, Bs, chaitra@gmail.in, , Jsa12345)">signUpForMissingFieldAndValidData(Chaitra, Bs, chaitra@gmail.in, , Jsa12345)</a> <!-- method navigator-link -->
                      </span>
                      <br/>
                      <span>
                        <img src="skipped.png" width="3%"/>
                        <a href="#" panel-name="suite-Sign_Up" title="org.testpackage.TC001_Signup" class="method navigator-link" hash-for-method="signUpForMissingFieldAndValidData(, Sir, dheeraj@visionias.in, 7894561230, Jsa12345)">signUpForMissingFieldAndValidData(, Sir, dheeraj@visionias.in, 7894561230, Jsa12345)</a> <!-- method navigator-link -->
                      </span>
                      <br/>
                      <span>
                        <img src="skipped.png" width="3%"/>
                        <a href="#" panel-name="suite-Sign_Up" title="org.testpackage.TC001_Signup" class="method navigator-link" hash-for-method="signUpForMissingFieldAndValidData(Jeya, Sankar, jeya.47@look.com, 9025133078, 1234@jk)">signUpForMissingFieldAndValidData(Jeya, Sankar, jeya.47@look.com, 9025133078, 1234@jk)</a> <!-- method navigator-link -->
                      </span>
                      <br/>
                      <span>
                        <img src="skipped.png" width="3%"/>
                        <a href="#" panel-name="suite-Sign_Up" title="org.testpackage.TC001_Signup" class="method navigator-link" hash-for-method="signUpWithExistingUserEmailAddress(Jeya, sankar, jeyasankar@visionias.in, 9025133078, 123456)">signUpWithExistingUserEmailAddress(Jeya, sankar, jeyasankar@visionias.in, 9025133078, 123456)</a> <!-- method navigator-link -->
                      </span>
                      <br/>
                    </div> <!-- method-list-content skipped suite-Sign_Up -->
                  </li>
                </ul>
              </div> <!-- suite-section-content -->
            </div> <!-- result-section -->
          </div> <!-- navigator-suite-content -->
        </div> <!-- rounded-window -->
      </div> <!-- suite -->
    </div> <!-- navigator-root -->
    <div class="wrapper">
      <div class="main-panel-root">
        <div panel-name="suite-Sign_Up" class="panel Sign_Up">
          <div class="suite-Sign_Up-class-skipped">
            <div class="main-panel-header rounded-window-top">
              <img src="skipped.png"/>
              <span class="class-name">org.testpackage.TC001_Signup</span>
            </div> <!-- main-panel-header rounded-window-top -->
            <div class="main-panel-content rounded-window-bottom">
              <div class="method">
                <div class="method-content">
                  <a name="signUpForMissingFieldAndValidData(, , , , )">
                  </a> <!-- signUpForMissingFieldAndValidData(, , , , ) -->
                  <span class="method-name">signUpForMissingFieldAndValidData</span>
                  <span class="parameters">(, , , , )</span>
                  <div class="stack-trace">org.openqa.selenium.remote.NoSuchDriverException: chromedriver located at /usr/bin/chromedriver, but invalid
For documentation on this error, please visit: https://www.selenium.dev/documentation/webdriver/troubleshooting/errors/driver_location/
Build info: version: &apos;4.12.1&apos;, revision: &apos;8e34639b11&apos;
System info: os.name: &apos;Windows 11&apos;, os.arch: &apos;amd64&apos;, os.version: &apos;10.0&apos;, java.version: &apos;11.0.18&apos;
Driver info: driver.version: ChromeDriver
	at org.openqa.selenium.remote.service.DriverFinder.getPath(DriverFinder.java:45)
	at org.openqa.selenium.remote.service.DriverFinder.getPath(DriverFinder.java:13)
	at org.openqa.selenium.chrome.ChromeDriver.generateExecutor(ChromeDriver.java:99)
	at org.openqa.selenium.chrome.ChromeDriver.&lt;init&gt;(ChromeDriver.java:88)
	at org.openqa.selenium.chrome.ChromeDriver.&lt;init&gt;(ChromeDriver.java:83)
	at org.openqa.selenium.chrome.ChromeDriver.&lt;init&gt;(ChromeDriver.java:72)
	at org.basepackage.VisionBaseClass.launch(VisionBaseClass.java:150)
	at java.base/java.util.ArrayList.forEach(ArrayList.java:1541)
... Removed 31 stack frames
</div> <!-- stack-trace -->
                </div> <!-- method-content -->
              </div> <!-- method -->
              <div class="method">
                <div class="method-content">
                  <a name="signUpForMissingFieldAndValidData(Dheeraj, , sandeep@visionias.in, 7894561230, Jsa12345)">
                  </a> <!-- signUpForMissingFieldAndValidData(Dheeraj, , sandeep@visionias.in, 7894561230, Jsa12345) -->
                  <span class="method-name">signUpForMissingFieldAndValidData</span>
                  <span class="parameters">(Dheeraj, , sandeep@visionias.in, 7894561230, Jsa12345)</span>
                  <div class="stack-trace">org.openqa.selenium.remote.NoSuchDriverException: chromedriver located at /usr/bin/chromedriver, but invalid
For documentation on this error, please visit: https://www.selenium.dev/documentation/webdriver/troubleshooting/errors/driver_location/
Build info: version: &apos;4.12.1&apos;, revision: &apos;8e34639b11&apos;
System info: os.name: &apos;Windows 11&apos;, os.arch: &apos;amd64&apos;, os.version: &apos;10.0&apos;, java.version: &apos;11.0.18&apos;
Driver info: driver.version: ChromeDriver
	at org.openqa.selenium.remote.service.DriverFinder.getPath(DriverFinder.java:45)
	at org.openqa.selenium.remote.service.DriverFinder.getPath(DriverFinder.java:13)
	at org.openqa.selenium.chrome.ChromeDriver.generateExecutor(ChromeDriver.java:99)
	at org.openqa.selenium.chrome.ChromeDriver.&lt;init&gt;(ChromeDriver.java:88)
	at org.openqa.selenium.chrome.ChromeDriver.&lt;init&gt;(ChromeDriver.java:83)
	at org.openqa.selenium.chrome.ChromeDriver.&lt;init&gt;(ChromeDriver.java:72)
	at org.basepackage.VisionBaseClass.launch(VisionBaseClass.java:150)
	at java.base/java.util.ArrayList.forEach(ArrayList.java:1541)
... Removed 31 stack frames
</div> <!-- stack-trace -->
                </div> <!-- method-content -->
              </div> <!-- method -->
              <div class="method">
                <div class="method-content">
                  <a name="signUpForMissingFieldAndValidData(Nalin, Mad, bansal@yahoo.com, 9230456789, )">
                  </a> <!-- signUpForMissingFieldAndValidData(Nalin, Mad, bansal@yahoo.com, 9230456789, ) -->
                  <span class="method-name">signUpForMissingFieldAndValidData</span>
                  <span class="parameters">(Nalin, Mad, bansal@yahoo.com, 9230456789, )</span>
                  <div class="stack-trace">org.openqa.selenium.remote.NoSuchDriverException: chromedriver located at /usr/bin/chromedriver, but invalid
For documentation on this error, please visit: https://www.selenium.dev/documentation/webdriver/troubleshooting/errors/driver_location/
Build info: version: &apos;4.12.1&apos;, revision: &apos;8e34639b11&apos;
System info: os.name: &apos;Windows 11&apos;, os.arch: &apos;amd64&apos;, os.version: &apos;10.0&apos;, java.version: &apos;11.0.18&apos;
Driver info: driver.version: ChromeDriver
	at org.openqa.selenium.remote.service.DriverFinder.getPath(DriverFinder.java:45)
	at org.openqa.selenium.remote.service.DriverFinder.getPath(DriverFinder.java:13)
	at org.openqa.selenium.chrome.ChromeDriver.generateExecutor(ChromeDriver.java:99)
	at org.openqa.selenium.chrome.ChromeDriver.&lt;init&gt;(ChromeDriver.java:88)
	at org.openqa.selenium.chrome.ChromeDriver.&lt;init&gt;(ChromeDriver.java:83)
	at org.openqa.selenium.chrome.ChromeDriver.&lt;init&gt;(ChromeDriver.java:72)
	at org.basepackage.VisionBaseClass.launch(VisionBaseClass.java:150)
	at java.base/java.util.ArrayList.forEach(ArrayList.java:1541)
... Removed 31 stack frames
</div> <!-- stack-trace -->
                </div> <!-- method-content -->
              </div> <!-- method -->
              <div class="method">
                <div class="method-content">
                  <a name="signUpForMissingFieldAndValidData(Sandeep, pal, , 7894561230, K 12345)">
                  </a> <!-- signUpForMissingFieldAndValidData(Sandeep, pal, , 7894561230, K 12345) -->
                  <span class="method-name">signUpForMissingFieldAndValidData</span>
                  <span class="parameters">(Sandeep, pal, , 7894561230, K 12345)</span>
                  <div class="stack-trace">org.openqa.selenium.remote.NoSuchDriverException: chromedriver located at /usr/bin/chromedriver, but invalid
For documentation on this error, please visit: https://www.selenium.dev/documentation/webdriver/troubleshooting/errors/driver_location/
Build info: version: &apos;4.12.1&apos;, revision: &apos;8e34639b11&apos;
System info: os.name: &apos;Windows 11&apos;, os.arch: &apos;amd64&apos;, os.version: &apos;10.0&apos;, java.version: &apos;11.0.18&apos;
Driver info: driver.version: ChromeDriver
	at org.openqa.selenium.remote.service.DriverFinder.getPath(DriverFinder.java:45)
	at org.openqa.selenium.remote.service.DriverFinder.getPath(DriverFinder.java:13)
	at org.openqa.selenium.chrome.ChromeDriver.generateExecutor(ChromeDriver.java:99)
	at org.openqa.selenium.chrome.ChromeDriver.&lt;init&gt;(ChromeDriver.java:88)
	at org.openqa.selenium.chrome.ChromeDriver.&lt;init&gt;(ChromeDriver.java:83)
	at org.openqa.selenium.chrome.ChromeDriver.&lt;init&gt;(ChromeDriver.java:72)
	at org.basepackage.VisionBaseClass.launch(VisionBaseClass.java:150)
	at java.base/java.util.ArrayList.forEach(ArrayList.java:1541)
... Removed 31 stack frames
</div> <!-- stack-trace -->
                </div> <!-- method-content -->
              </div> <!-- method -->
              <div class="method">
                <div class="method-content">
                  <a name="signUpForMissingFieldAndValidData(Chaitra, Bs, chaitra@gmail.in, , Jsa12345)">
                  </a> <!-- signUpForMissingFieldAndValidData(Chaitra, Bs, chaitra@gmail.in, , Jsa12345) -->
                  <span class="method-name">signUpForMissingFieldAndValidData</span>
                  <span class="parameters">(Chaitra, Bs, chaitra@gmail.in, , Jsa12345)</span>
                  <div class="stack-trace">org.openqa.selenium.remote.NoSuchDriverException: chromedriver located at /usr/bin/chromedriver, but invalid
For documentation on this error, please visit: https://www.selenium.dev/documentation/webdriver/troubleshooting/errors/driver_location/
Build info: version: &apos;4.12.1&apos;, revision: &apos;8e34639b11&apos;
System info: os.name: &apos;Windows 11&apos;, os.arch: &apos;amd64&apos;, os.version: &apos;10.0&apos;, java.version: &apos;11.0.18&apos;
Driver info: driver.version: ChromeDriver
	at org.openqa.selenium.remote.service.DriverFinder.getPath(DriverFinder.java:45)
	at org.openqa.selenium.remote.service.DriverFinder.getPath(DriverFinder.java:13)
	at org.openqa.selenium.chrome.ChromeDriver.generateExecutor(ChromeDriver.java:99)
	at org.openqa.selenium.chrome.ChromeDriver.&lt;init&gt;(ChromeDriver.java:88)
	at org.openqa.selenium.chrome.ChromeDriver.&lt;init&gt;(ChromeDriver.java:83)
	at org.openqa.selenium.chrome.ChromeDriver.&lt;init&gt;(ChromeDriver.java:72)
	at org.basepackage.VisionBaseClass.launch(VisionBaseClass.java:150)
	at java.base/java.util.ArrayList.forEach(ArrayList.java:1541)
... Removed 31 stack frames
</div> <!-- stack-trace -->
                </div> <!-- method-content -->
              </div> <!-- method -->
              <div class="method">
                <div class="method-content">
                  <a name="signUpForMissingFieldAndValidData(, Sir, dheeraj@visionias.in, 7894561230, Jsa12345)">
                  </a> <!-- signUpForMissingFieldAndValidData(, Sir, dheeraj@visionias.in, 7894561230, Jsa12345) -->
                  <span class="method-name">signUpForMissingFieldAndValidData</span>
                  <span class="parameters">(, Sir, dheeraj@visionias.in, 7894561230, Jsa12345)</span>
                  <div class="stack-trace">org.openqa.selenium.remote.NoSuchDriverException: chromedriver located at /usr/bin/chromedriver, but invalid
For documentation on this error, please visit: https://www.selenium.dev/documentation/webdriver/troubleshooting/errors/driver_location/
Build info: version: &apos;4.12.1&apos;, revision: &apos;8e34639b11&apos;
System info: os.name: &apos;Windows 11&apos;, os.arch: &apos;amd64&apos;, os.version: &apos;10.0&apos;, java.version: &apos;11.0.18&apos;
Driver info: driver.version: ChromeDriver
	at org.openqa.selenium.remote.service.DriverFinder.getPath(DriverFinder.java:45)
	at org.openqa.selenium.remote.service.DriverFinder.getPath(DriverFinder.java:13)
	at org.openqa.selenium.chrome.ChromeDriver.generateExecutor(ChromeDriver.java:99)
	at org.openqa.selenium.chrome.ChromeDriver.&lt;init&gt;(ChromeDriver.java:88)
	at org.openqa.selenium.chrome.ChromeDriver.&lt;init&gt;(ChromeDriver.java:83)
	at org.openqa.selenium.chrome.ChromeDriver.&lt;init&gt;(ChromeDriver.java:72)
	at org.basepackage.VisionBaseClass.launch(VisionBaseClass.java:150)
	at java.base/java.util.ArrayList.forEach(ArrayList.java:1541)
... Removed 31 stack frames
</div> <!-- stack-trace -->
                </div> <!-- method-content -->
              </div> <!-- method -->
              <div class="method">
                <div class="method-content">
                  <a name="signUpForMissingFieldAndValidData(Jeya, Sankar, jeya.47@look.com, 9025133078, 1234@jk)">
                  </a> <!-- signUpForMissingFieldAndValidData(Jeya, Sankar, jeya.47@look.com, 9025133078, 1234@jk) -->
                  <span class="method-name">signUpForMissingFieldAndValidData</span>
                  <span class="parameters">(Jeya, Sankar, jeya.47@look.com, 9025133078, 1234@jk)</span>
                  <div class="stack-trace">org.openqa.selenium.remote.NoSuchDriverException: chromedriver located at /usr/bin/chromedriver, but invalid
For documentation on this error, please visit: https://www.selenium.dev/documentation/webdriver/troubleshooting/errors/driver_location/
Build info: version: &apos;4.12.1&apos;, revision: &apos;8e34639b11&apos;
System info: os.name: &apos;Windows 11&apos;, os.arch: &apos;amd64&apos;, os.version: &apos;10.0&apos;, java.version: &apos;11.0.18&apos;
Driver info: driver.version: ChromeDriver
	at org.openqa.selenium.remote.service.DriverFinder.getPath(DriverFinder.java:45)
	at org.openqa.selenium.remote.service.DriverFinder.getPath(DriverFinder.java:13)
	at org.openqa.selenium.chrome.ChromeDriver.generateExecutor(ChromeDriver.java:99)
	at org.openqa.selenium.chrome.ChromeDriver.&lt;init&gt;(ChromeDriver.java:88)
	at org.openqa.selenium.chrome.ChromeDriver.&lt;init&gt;(ChromeDriver.java:83)
	at org.openqa.selenium.chrome.ChromeDriver.&lt;init&gt;(ChromeDriver.java:72)
	at org.basepackage.VisionBaseClass.launch(VisionBaseClass.java:150)
	at java.base/java.util.ArrayList.forEach(ArrayList.java:1541)
... Removed 31 stack frames
</div> <!-- stack-trace -->
                </div> <!-- method-content -->
              </div> <!-- method -->
              <div class="method">
                <div class="method-content">
                  <a name="signUpWithExistingUserEmailAddress(Jeya, sankar, jeyasankar@visionias.in, 9025133078, 123456)">
                  </a> <!-- signUpWithExistingUserEmailAddress(Jeya, sankar, jeyasankar@visionias.in, 9025133078, 123456) -->
                  <span class="method-name">signUpWithExistingUserEmailAddress</span>
                  <span class="parameters">(Jeya, sankar, jeyasankar@visionias.in, 9025133078, 123456)</span>
                  <div class="stack-trace">org.openqa.selenium.remote.NoSuchDriverException: chromedriver located at /usr/bin/chromedriver, but invalid
For documentation on this error, please visit: https://www.selenium.dev/documentation/webdriver/troubleshooting/errors/driver_location/
Build info: version: &apos;4.12.1&apos;, revision: &apos;8e34639b11&apos;
System info: os.name: &apos;Windows 11&apos;, os.arch: &apos;amd64&apos;, os.version: &apos;10.0&apos;, java.version: &apos;11.0.18&apos;
Driver info: driver.version: ChromeDriver
	at org.openqa.selenium.remote.service.DriverFinder.getPath(DriverFinder.java:45)
	at org.openqa.selenium.remote.service.DriverFinder.getPath(DriverFinder.java:13)
	at org.openqa.selenium.chrome.ChromeDriver.generateExecutor(ChromeDriver.java:99)
	at org.openqa.selenium.chrome.ChromeDriver.&lt;init&gt;(ChromeDriver.java:88)
	at org.openqa.selenium.chrome.ChromeDriver.&lt;init&gt;(ChromeDriver.java:83)
	at org.openqa.selenium.chrome.ChromeDriver.&lt;init&gt;(ChromeDriver.java:72)
	at org.basepackage.VisionBaseClass.launch(VisionBaseClass.java:150)
	at java.base/java.util.ArrayList.forEach(ArrayList.java:1541)
... Removed 31 stack frames
</div> <!-- stack-trace -->
                </div> <!-- method-content -->
              </div> <!-- method -->
            </div> <!-- main-panel-content rounded-window-bottom -->
          </div> <!-- suite-Sign_Up-class-skipped -->
        </div> <!-- panel Sign_Up -->
        <div panel-name="test-xml-Sign_Up" class="panel">
          <div class="main-panel-header rounded-window-top">
            <span class="header-content">E:\Qa\Signup.xml</span>
          </div> <!-- main-panel-header rounded-window-top -->
          <div class="main-panel-content rounded-window-bottom">
            <pre>
&lt;?xml version=&quot;1.0&quot; encoding=&quot;UTF-8&quot;?&gt;
&lt;!DOCTYPE suite SYSTEM &quot;https://testng.org/testng-1.0.dtd&quot;&gt;
&lt;suite thread-count=&quot;3&quot; name=&quot;Sign Up&quot; guice-stage=&quot;DEVELOPMENT&quot;&gt;
  &lt;parameter name=&quot;author&quot; value=&quot;Jeyasankar&quot;/&gt;
  &lt;test thread-count=&quot;3&quot; name=&quot; Sign Up page Negative test&quot;&gt;
    &lt;parameter name=&quot;browser&quot; value=&quot;chrome&quot;/&gt;
    &lt;classes&gt;
      &lt;class name=&quot;org.testpackage.TC001_Signup&quot;&gt;
        &lt;methods&gt;
          &lt;include name=&quot;signUpWithExistingUserEmailAddress&quot;/&gt;
          &lt;include name=&quot;signUpForMissingFieldAndValidData&quot;/&gt;
        &lt;/methods&gt;
      &lt;/class&gt; &lt;!-- org.testpackage.TC001_Signup --&gt;
    &lt;/classes&gt;
  &lt;/test&gt; &lt;!--  Sign Up page Negative test --&gt;
&lt;/suite&gt; &lt;!-- Sign Up --&gt;
            </pre>
          </div> <!-- main-panel-content rounded-window-bottom -->
        </div> <!-- panel -->
        <div panel-name="testlist-Sign_Up" class="panel">
          <div class="main-panel-header rounded-window-top">
            <span class="header-content">Tests for Sign Up</span>
          </div> <!-- main-panel-header rounded-window-top -->
          <div class="main-panel-content rounded-window-bottom">
            <ul>
              <li>
                <span class="test-name"> Sign Up page Negative test (1 class)</span>
              </li>
            </ul>
          </div> <!-- main-panel-content rounded-window-bottom -->
        </div> <!-- panel -->
        <div panel-name="group-Sign_Up" class="panel">
          <div class="main-panel-header rounded-window-top">
            <span class="header-content">Groups for Sign Up</span>
          </div> <!-- main-panel-header rounded-window-top -->
          <div class="main-panel-content rounded-window-bottom">
          </div> <!-- main-panel-content rounded-window-bottom -->
        </div> <!-- panel -->
        <div panel-name="times-Sign_Up" class="panel">
          <div class="main-panel-header rounded-window-top">
            <span class="header-content">Times for Sign Up</span>
          </div> <!-- main-panel-header rounded-window-top -->
          <div class="main-panel-content rounded-window-bottom">
            <div class="times-div">
              <script type="text/javascript">
suiteTableInitFunctions.push('tableData_Sign_Up');
function tableData_Sign_Up() {
var data = new google.visualization.DataTable();
data.addColumn('number', 'Number');
data.addColumn('string', 'Method');
data.addColumn('string', 'Class');
data.addColumn('number', 'Time (ms)');
data.addRows(8);
data.setCell(0, 0, 0)
data.setCell(0, 1, 'signUpForMissingFieldAndValidData')
data.setCell(0, 2, 'org.testpackage.TC001_Signup')
data.setCell(0, 3, 0);
data.setCell(1, 0, 1)
data.setCell(1, 1, 'signUpForMissingFieldAndValidData')
data.setCell(1, 2, 'org.testpackage.TC001_Signup')
data.setCell(1, 3, 0);
data.setCell(2, 0, 2)
data.setCell(2, 1, 'signUpForMissingFieldAndValidData')
data.setCell(2, 2, 'org.testpackage.TC001_Signup')
data.setCell(2, 3, 0);
data.setCell(3, 0, 3)
data.setCell(3, 1, 'signUpForMissingFieldAndValidData')
data.setCell(3, 2, 'org.testpackage.TC001_Signup')
data.setCell(3, 3, 0);
data.setCell(4, 0, 4)
data.setCell(4, 1, 'signUpForMissingFieldAndValidData')
data.setCell(4, 2, 'org.testpackage.TC001_Signup')
data.setCell(4, 3, 0);
data.setCell(5, 0, 5)
data.setCell(5, 1, 'signUpWithExistingUserEmailAddress')
data.setCell(5, 2, 'org.testpackage.TC001_Signup')
data.setCell(5, 3, 0);
data.setCell(6, 0, 6)
data.setCell(6, 1, 'signUpForMissingFieldAndValidData')
data.setCell(6, 2, 'org.testpackage.TC001_Signup')
data.setCell(6, 3, 0);
data.setCell(7, 0, 7)
data.setCell(7, 1, 'signUpForMissingFieldAndValidData')
data.setCell(7, 2, 'org.testpackage.TC001_Signup')
data.setCell(7, 3, 0);
window.suiteTableData['Sign_Up']= { tableData: data, tableDiv: 'times-div-Sign_Up'}
return data;
}
              </script>
              <span class="suite-total-time">Total running time: 0 ms</span>
              <div id="times-div-Sign_Up">
              </div> <!-- times-div-Sign_Up -->
            </div> <!-- times-div -->
          </div> <!-- main-panel-content rounded-window-bottom -->
        </div> <!-- panel -->
        <div panel-name="reporter-Sign_Up" class="panel">
          <div class="main-panel-header rounded-window-top">
            <span class="header-content">Reporter output for Sign Up</span>
          </div> <!-- main-panel-header rounded-window-top -->
          <div class="main-panel-content rounded-window-bottom">
          </div> <!-- main-panel-content rounded-window-bottom -->
        </div> <!-- panel -->
        <div panel-name="ignored-methods-Sign_Up" class="panel">
          <div class="main-panel-header rounded-window-top">
            <span class="header-content">33 ignored methods</span>
          </div> <!-- main-panel-header rounded-window-top -->
          <div class="main-panel-content rounded-window-bottom">
            <div class="ignored-class-div">
              <span class="ignored-class-name">org.testpackage.TC001_Signup</span>
              <div class="ignored-methods-div">
                <span class="ignored-method-name">testByEnteringOnlyNumbersInPassword</span>
                <br/>
                <span class="ignored-method-name">testByEnteringEmailAddressWithoutDomainName</span>
                <br/>
                <span class="ignored-method-name">testByEnteringTheEmailidWithDomainNameDotNet</span>
                <br/>
                <span class="ignored-method-name">testByEnteringAlphaNumericCharacterInFirstAndLastnameFields</span>
                <br/>
                <span class="ignored-method-name">testByEnteringEmailAddressWithTailingDotOperators</span>
                <br/>
                <span class="ignored-method-name">testByEnteringEmailAddressWithTwoAtSymbols</span>
                <br/>
                <span class="ignored-method-name">testByEnteringSpecialCharactersInMobileNumberField</span>
                <br/>
                <span class="ignored-method-name">signUpAfterFifthTimeWithSameEmail</span>
                <br/>
                <span class="ignored-method-name">testSpaceCountedAsACharacterButNotAtTheBeginningAndEndofThePassword</span>
                <br/>
                <span class="ignored-method-name">testByEnteringTheEmailidWithDomainNameDotOrg</span>
                <br/>
                <span class="ignored-method-name">testByEnteringSpaceBetweenEachAlphabetsInFirstAndLastnameFields</span>
                <br/>
                <span class="ignored-method-name">testByEnteringCountryName</span>
                <br/>
                <span class="ignored-method-name">testLabels</span>
                <br/>
                <span class="ignored-method-name">testByEnteringOnlySpecialCharactersInFirstAndLastnameFields</span>
                <br/>
                <span class="ignored-method-name">testByEnteringZeroAtInitialPlaceInMobileNumberField</span>
                <br/>
                <span class="ignored-method-name">testByEnteringAlphaNumericBeforeDomainInEmailAddressField</span>
                <br/>
                <span class="ignored-method-name">testByEnteringDotOperatorBetweenNameInFirstAndLastnameFields</span>
                <br/>
                <span class="ignored-method-name">testByEnteringOnlyNumbersInEmailAddressField</span>
                <br/>
                <span class="ignored-method-name">testLessThanMinimumCharacterLimitationInSignupFields</span>
                <br/>
                <span class="ignored-method-name">testByEnteringSameNameInFirstAndLastnameFields</span>
                <br/>
                <span class="ignored-method-name">testByEnteringNumbersInFirstAndLastnameFields</span>
                <br/>
                <span class="ignored-method-name">testByEnteringtenZerosInMobileNumberField</span>
                <br/>
                <span class="ignored-method-name">testByEnteringOnlySpecialCharactersInPassword</span>
                <br/>
                <span class="ignored-method-name">testByEnteringTheBlankSpaceBetweenMobileNumber</span>
                <br/>
                <span class="ignored-method-name">testByEnteringTheEmailidWithDomainNameDotIn</span>
                <br/>
                <span class="ignored-method-name">testMinimumCharacterLimitationInSignupFields</span>
                <br/>
                <span class="ignored-method-name">testByEnteringOnlyAlphabetsInPassword</span>
                <br/>
                <span class="ignored-method-name">signUpWithSameEmailForFiveTimes</span>
                <br/>
                <span class="ignored-method-name">testByEnteringEmailAddressWithoutDotOperator</span>
                <br/>
                <span class="ignored-method-name">testGreaterThanMaximumCharacterLimitationInSignupFields</span>
                <br/>
                <span class="ignored-method-name">testByEnteringEmailAddressWithoutAtSymbol</span>
                <br/>
                <span class="ignored-method-name">testMaximumCharacterLimitationInSignupFields</span>
                <br/>
                <span class="ignored-method-name">testByEnteringCobinationOfAllCharactersInPassword</span>
                <br/>
              </div> <!-- ignored-methods-div -->
            </div> <!-- ignored-class-div -->
          </div> <!-- main-panel-content rounded-window-bottom -->
        </div> <!-- panel -->
        <div panel-name="chronological-Sign_Up" class="panel">
          <div class="main-panel-header rounded-window-top">
            <span class="header-content">Methods in chronological order</span>
          </div> <!-- main-panel-header rounded-window-top -->
          <div class="main-panel-content rounded-window-bottom">
            <div class="chronological-class">
              <div class="chronological-class-name">org.testpackage.TC001_Signup</div> <!-- chronological-class-name -->
              <div class="configuration-suite before">
                <span class="method-name">initiateExtentReports</span>
                <span class="method-start">0 ms</span>
              </div> <!-- configuration-suite before -->
              <div class="configuration-method before">
                <img src="failed.png">
                </img>
                <span class="method-name">launch(org.testng.TestRunner@4e517165, chrome)</span>
                <span class="method-start">225 ms</span>
              </div> <!-- configuration-method before -->
              <div class="test-method">
                <span class="method-name">signUpWithExistingUserEmailAddress(Jeya, sankar, jeyasankar@visionias.in, 9025133078, 123456)</span>
                <span class="method-start">261 ms</span>
              </div> <!-- test-method -->
              <div class="configuration-method after">
                <span class="method-name">checkStatus</span>
                <span class="method-start">263 ms</span>
              </div> <!-- configuration-method after -->
              <div class="configuration-method before">
                <span class="method-name">launch</span>
                <span class="method-start">268 ms</span>
              </div> <!-- configuration-method before -->
              <div class="test-method">
                <span class="method-name">signUpForMissingFieldAndValidData(, , , , )</span>
                <span class="method-start">269 ms</span>
              </div> <!-- test-method -->
              <div class="configuration-method before">
                <span class="method-name">launch</span>
                <span class="method-start">271 ms</span>
              </div> <!-- configuration-method before -->
              <div class="configuration-method after">
                <span class="method-name">checkStatus</span>
                <span class="method-start">271 ms</span>
              </div> <!-- configuration-method after -->
              <div class="test-method">
                <span class="method-name">signUpForMissingFieldAndValidData(, Sir, dheeraj@visionias.in, 7894561230, Jsa12345)</span>
                <span class="method-start">272 ms</span>
              </div> <!-- test-method -->
              <div class="configuration-method before">
                <span class="method-name">launch</span>
                <span class="method-start">274 ms</span>
              </div> <!-- configuration-method before -->
              <div class="configuration-method after">
                <span class="method-name">checkStatus</span>
                <span class="method-start">274 ms</span>
              </div> <!-- configuration-method after -->
              <div class="test-method">
                <span class="method-name">signUpForMissingFieldAndValidData(Dheeraj, , sandeep@visionias.in, 7894561230, Jsa12345)</span>
                <span class="method-start">274 ms</span>
              </div> <!-- test-method -->
              <div class="configuration-method after">
                <span class="method-name">checkStatus</span>
                <span class="method-start">276 ms</span>
              </div> <!-- configuration-method after -->
              <div class="configuration-method before">
                <span class="method-name">launch</span>
                <span class="method-start">277 ms</span>
              </div> <!-- configuration-method before -->
              <div class="test-method">
                <span class="method-name">signUpForMissingFieldAndValidData(Sandeep, pal, , 7894561230, K 12345)</span>
                <span class="method-start">277 ms</span>
              </div> <!-- test-method -->
              <div class="configuration-method after">
                <span class="method-name">checkStatus</span>
                <span class="method-start">280 ms</span>
              </div> <!-- configuration-method after -->
              <div class="configuration-method before">
                <span class="method-name">launch</span>
                <span class="method-start">280 ms</span>
              </div> <!-- configuration-method before -->
              <div class="test-method">
                <span class="method-name">signUpForMissingFieldAndValidData(Chaitra, Bs, chaitra@gmail.in, , Jsa12345)</span>
                <span class="method-start">281 ms</span>
              </div> <!-- test-method -->
              <div class="configuration-method after">
                <span class="method-name">checkStatus</span>
                <span class="method-start">282 ms</span>
              </div> <!-- configuration-method after -->
              <div class="configuration-method before">
                <span class="method-name">launch</span>
                <span class="method-start">283 ms</span>
              </div> <!-- configuration-method before -->
              <div class="test-method">
                <span class="method-name">signUpForMissingFieldAndValidData(Nalin, Mad, bansal@yahoo.com, 9230456789, )</span>
                <span class="method-start">283 ms</span>
              </div> <!-- test-method -->
              <div class="configuration-method after">
                <span class="method-name">checkStatus</span>
                <span class="method-start">285 ms</span>
              </div> <!-- configuration-method after -->
              <div class="configuration-method before">
                <span class="method-name">launch</span>
                <span class="method-start">285 ms</span>
              </div> <!-- configuration-method before -->
              <div class="test-method">
                <span class="method-name">signUpForMissingFieldAndValidData(Jeya, Sankar, jeya.47@look.com, 9025133078, 1234@jk)</span>
                <span class="method-start">286 ms</span>
              </div> <!-- test-method -->
              <div class="configuration-method after">
                <span class="method-name">checkStatus</span>
                <span class="method-start">288 ms</span>
              </div> <!-- configuration-method after -->
              <div class="configuration-test after">
                <span class="method-name">tearDown</span>
                <span class="method-start">290 ms</span>
              </div> <!-- configuration-test after -->
              <div class="configuration-suite after">
                <span class="method-name">generateExtentReport</span>
                <span class="method-start">328 ms</span>
              </div> <!-- configuration-suite after -->
          </div> <!-- main-panel-content rounded-window-bottom -->
        </div> <!-- panel -->
      </div> <!-- main-panel-root -->
    </div> <!-- wrapper -->
  </body>
<script type="text/javascript" src="testng-reports2.js"></script>
</html>
