<?xml version="1.0" encoding="UTF-8"?>
<!-- Generated by org.testng.reporters.JUnitReportReporter -->
<testsuite hostname="MSI" failures="0" tests="17" name="org.testpackage.TC130_NewsTodayEnglish" time="0.052" errors="1" timestamp="2023-11-23T11:32:58 IST" skipped="16">
  <testcase classname="org.testpackage.TC130_NewsTodayEnglish" name="launch" time="0.050">
    <error message="The driver executable does not exist: E:\usr\lib\chromium-browser\chromedriver" type="java.lang.IllegalStateException">
      <![CDATA[java.lang.IllegalStateException: The driver executable does not exist: E:\usr\lib\chromium-browser\chromedriver
at com.google.common.base.Preconditions.checkState(Preconditions.java:585)
at org.openqa.selenium.remote.service.DriverService.checkExecutable(DriverService.java:146)
at org.openqa.selenium.remote.service.DriverService.findExecutable(DriverService.java:141)
at org.openqa.selenium.chrome.ChromeDriverService.access$000(ChromeDriverService.java:35)
at org.openqa.selenium.chrome.ChromeDriverService$Builder.findDefaultExecutable(ChromeDriverService.java:159)
at org.openqa.selenium.remote.service.DriverService$Builder.build(DriverService.java:355)
at org.openqa.selenium.chrome.ChromeDriverService.createDefaultService(ChromeDriverService.java:94)
at org.openqa.selenium.chrome.ChromeDriver.<init>(ChromeDriver.java:157)
at org.basepackage.VisionBaseClass.launch(VisionBaseClass.java:150)
at java.base/jdk.internal.reflect.NativeMethodAccessorImpl.invoke0(Native Method)
at java.base/jdk.internal.reflect.NativeMethodAccessorImpl.invoke(NativeMethodAccessorImpl.java:77)
at java.base/jdk.internal.reflect.DelegatingMethodAccessorImpl.invoke(DelegatingMethodAccessorImpl.java:43)
at java.base/java.lang.reflect.Method.invoke(Method.java:568)
at org.testng.internal.invokers.MethodInvocationHelper.invokeMethod(MethodInvocationHelper.java:139)
at org.testng.internal.invokers.MethodInvocationHelper.invokeMethodConsideringTimeout(MethodInvocationHelper.java:69)
at org.testng.internal.invokers.ConfigInvoker.invokeConfigurationMethod(ConfigInvoker.java:361)
at org.testng.internal.invokers.ConfigInvoker.invokeConfigurations(ConfigInvoker.java:296)
at org.testng.internal.invokers.TestInvoker.runConfigMethods(TestInvoker.java:823)
at org.testng.internal.invokers.TestInvoker.invokeMethod(TestInvoker.java:590)
at org.testng.internal.invokers.TestInvoker.invokeTestMethod(TestInvoker.java:221)
at org.testng.internal.invokers.MethodRunner.runInSequence(MethodRunner.java:50)
at org.testng.internal.invokers.TestInvoker$MethodInvocationAgent.invoke(TestInvoker.java:969)
at org.testng.internal.invokers.TestInvoker.invokeTestMethods(TestInvoker.java:194)
at org.testng.internal.invokers.TestMethodWorker.invokeTestMethods(TestMethodWorker.java:148)
at org.testng.internal.invokers.TestMethodWorker.run(TestMethodWorker.java:128)
at java.base/java.util.concurrent.ThreadPoolExecutor.runWorker(ThreadPoolExecutor.java:1136)
at java.base/java.util.concurrent.ThreadPoolExecutor$Worker.run(ThreadPoolExecutor.java:635)
at java.base/java.lang.Thread.run(Thread.java:833)
]]>
    </error>
  </testcase> <!-- launch -->
  <system-out/>
  <testcase classname="org.testpackage.TC130_NewsTodayEnglish" name="testBannerTextOfNewsTodayEnglish" time="0.000">
    <skipped/>
  </testcase> <!-- testBannerTextOfNewsTodayEnglish -->
  <system-out/>
  <testcase classname="org.testpackage.TC130_NewsTodayEnglish" name="testPresenceOfDocumentInNewsTodayEnglish" time="0.000">
    <skipped/>
  </testcase> <!-- testPresenceOfDocumentInNewsTodayEnglish -->
  <system-out/>
  <testcase classname="org.testpackage.TC130_NewsTodayEnglish" name="testTitleOfDocumentInNewsTodayEnglish" time="0.000">
    <skipped/>
  </testcase> <!-- testTitleOfDocumentInNewsTodayEnglish -->
  <system-out/>
  <testcase classname="org.testpackage.TC130_NewsTodayEnglish" name="testPresenceOfYearAndMediumInNewsTodayEnglishDocument" time="0.000">
    <skipped/>
  </testcase> <!-- testPresenceOfYearAndMediumInNewsTodayEnglishDocument -->
  <system-out/>
  <testcase classname="org.testpackage.TC130_NewsTodayEnglish" name="testLikeCountInNewsTodayEnglishDocument" time="0.000">
    <skipped/>
  </testcase> <!-- testLikeCountInNewsTodayEnglishDocument -->
  <system-out/>
  <testcase classname="org.testpackage.TC130_NewsTodayEnglish" name="testLikeCountOfDocumentAtBeforeUserLoginInNewsTodayEnglish" time="0.000">
    <skipped/>
  </testcase> <!-- testLikeCountOfDocumentAtBeforeUserLoginInNewsTodayEnglish -->
  <system-out/>
  <testcase classname="org.testpackage.TC130_NewsTodayEnglish" name="testLikeCountBeforeUserLoginInNewsTodayEnglish" time="0.000">
    <skipped/>
  </testcase> <!-- testLikeCountBeforeUserLoginInNewsTodayEnglish -->
  <system-out/>
  <testcase classname="org.testpackage.TC130_NewsTodayEnglish" name="testDownloadCountOfDocumentBeforeUserLoginInNewsTodayEnglish" time="0.002">
    <skipped/>
  </testcase> <!-- testDownloadCountOfDocumentBeforeUserLoginInNewsTodayEnglish -->
  <system-out/>
  <testcase classname="org.testpackage.TC130_NewsTodayEnglish" name="testUserCanShareThePageLinkViaWhatsappOfNewsTodayEnglish" time="0.000">
    <skipped/>
  </testcase> <!-- testUserCanShareThePageLinkViaWhatsappOfNewsTodayEnglish -->
  <system-out/>
  <testcase classname="org.testpackage.TC130_NewsTodayEnglish" name="testUserCanShareThePageLinkViaFacebookOfNewsTodayEnglish" time="0.000">
    <skipped/>
  </testcase> <!-- testUserCanShareThePageLinkViaFacebookOfNewsTodayEnglish -->
  <system-out/>
  <testcase classname="org.testpackage.TC130_NewsTodayEnglish" name="testUserCanShareThePageLinkViaGmailOfNewsTodayEnglish" time="0.000">
    <skipped/>
  </testcase> <!-- testUserCanShareThePageLinkViaGmailOfNewsTodayEnglish -->
  <system-out/>
  <testcase classname="org.testpackage.TC130_NewsTodayEnglish" name="testUserCanShareThePageLinkViaTelegramOfNewsTodayEnglish" time="0.000">
    <skipped/>
  </testcase> <!-- testUserCanShareThePageLinkViaTelegramOfNewsTodayEnglish -->
  <system-out/>
  <testcase classname="org.testpackage.TC130_NewsTodayEnglish" name="testFilterFunctionalityOfNewsTodayEnglish" time="0.000">
    <skipped/>
  </testcase> <!-- testFilterFunctionalityOfNewsTodayEnglish -->
  <system-out/>
  <testcase classname="org.testpackage.TC130_NewsTodayEnglish" name="testClearFilterOptionInNewsTodayEnglish" time="0.000">
    <skipped/>
  </testcase> <!-- testClearFilterOptionInNewsTodayEnglish -->
  <system-out/>
  <testcase classname="org.testpackage.TC130_NewsTodayEnglish" name="testLikeCountAfterUserLoginInNewsTodayEnglish" time="0.000">
    <skipped/>
  </testcase> <!-- testLikeCountAfterUserLoginInNewsTodayEnglish -->
  <system-out/>
  <testcase classname="org.testpackage.TC130_NewsTodayEnglish" name="testPaginationInNewsTodayEnglish" time="0.000">
    <skipped/>
  </testcase> <!-- testPaginationInNewsTodayEnglish -->
  <system-out/>
</testsuite> <!-- org.testpackage.TC130_NewsTodayEnglish -->
